[2023-07-07T15:42:04.214+0000] {taskinstance.py:1103} INFO - Dependencies all met for dep_context=non-requeueable deps ti=<TaskInstance: stock_etf_data_pipeline.feature_engineering manual__2023-07-07T15:34:32.896666+00:00 [queued]>
[2023-07-07T15:42:04.235+0000] {taskinstance.py:1103} INFO - Dependencies all met for dep_context=requeueable deps ti=<TaskInstance: stock_etf_data_pipeline.feature_engineering manual__2023-07-07T15:34:32.896666+00:00 [queued]>
[2023-07-07T15:42:04.236+0000] {taskinstance.py:1308} INFO - Starting attempt 1 of 1
[2023-07-07T15:42:04.256+0000] {taskinstance.py:1327} INFO - Executing <Task(PythonOperator): feature_engineering> on 2023-07-07 15:34:32.896666+00:00
[2023-07-07T15:42:04.264+0000] {standard_task_runner.py:57} INFO - Started process 344 to run task
[2023-07-07T15:42:04.269+0000] {standard_task_runner.py:84} INFO - Running: ['***', 'tasks', 'run', 'stock_etf_data_pipeline', 'feature_engineering', 'manual__2023-07-07T15:34:32.896666+00:00', '--job-id', '6', '--raw', '--subdir', 'DAGS_FOLDER/main.py', '--cfg-path', '/tmp/tmpijagw9ez']
[2023-07-07T15:42:04.271+0000] {standard_task_runner.py:85} INFO - Job 6: Subtask feature_engineering
[2023-07-07T15:42:04.342+0000] {task_command.py:410} INFO - Running <TaskInstance: stock_etf_data_pipeline.feature_engineering manual__2023-07-07T15:34:32.896666+00:00 [running]> on host 52e00c352958
[2023-07-07T15:42:04.457+0000] {taskinstance.py:1547} INFO - Exporting env vars: AIRFLOW_CTX_DAG_OWNER='stock_market' AIRFLOW_CTX_DAG_ID='stock_etf_data_pipeline' AIRFLOW_CTX_TASK_ID='feature_engineering' AIRFLOW_CTX_EXECUTION_DATE='2023-07-07T15:34:32.896666+00:00' AIRFLOW_CTX_TRY_NUMBER='1' AIRFLOW_CTX_DAG_RUN_ID='manual__2023-07-07T15:34:32.896666+00:00'
[2023-07-07T15:52:37.329+0000] {logging_mixin.py:149} INFO - /opt/***/data/processed/feature_engineering/stocks_etfs.parquet schema: ┌───────────────────────┬─────────────┬─────────┬─────────┬─────────┬─────────┐
│      column_name      │ column_type │  null   │   key   │ default │  extra  │
│        varchar        │   varchar   │ varchar │ varchar │ varchar │ varchar │
├───────────────────────┼─────────────┼─────────┼─────────┼─────────┼─────────┤
│ Symbol                │ VARCHAR     │ YES     │ NULL    │ NULL    │ NULL    │
│ Security Name         │ VARCHAR     │ YES     │ NULL    │ NULL    │ NULL    │
│ Date                  │ VARCHAR     │ YES     │ NULL    │ NULL    │ NULL    │
│ Open                  │ DOUBLE      │ YES     │ NULL    │ NULL    │ NULL    │
│ High                  │ DOUBLE      │ YES     │ NULL    │ NULL    │ NULL    │
│ Low                   │ DOUBLE      │ YES     │ NULL    │ NULL    │ NULL    │
│ Close                 │ DOUBLE      │ YES     │ NULL    │ NULL    │ NULL    │
│ Adj Close             │ DOUBLE      │ YES     │ NULL    │ NULL    │ NULL    │
│ Volume                │ BIGINT      │ YES     │ NULL    │ NULL    │ NULL    │
│ vol_moving_avg        │ DOUBLE      │ YES     │ NULL    │ NULL    │ NULL    │
│ adj_close_rolling_med │ DOUBLE      │ YES     │ NULL    │ NULL    │ NULL    │
├───────────────────────┴─────────────┴─────────┴─────────┴─────────┴─────────┤
│ 11 rows                                                           6 columns │
└─────────────────────────────────────────────────────────────────────────────┘
[2023-07-07T15:52:49.789+0000] {python.py:183} INFO - Done. Returned value was: /opt/***/data/processed/feature_engineering/stocks_etfs.parquet
[2023-07-07T15:52:50.180+0000] {taskinstance.py:1350} INFO - Marking task as SUCCESS. dag_id=stock_etf_data_pipeline, task_id=feature_engineering, execution_date=20230707T153432, start_date=20230707T154204, end_date=20230707T155250
[2023-07-07T15:52:52.754+0000] {local_task_job_runner.py:225} INFO - Task exited with return code 0
