[2023-07-11T20:17:15.027+0000] {taskinstance.py:1103} INFO - Dependencies all met for dep_context=non-requeueable deps ti=<TaskInstance: stock_etf_data_pipeline.etfs_raw_data_processing manual__2023-07-11T20:12:30.482690+00:00 [queued]>
[2023-07-11T20:17:15.050+0000] {taskinstance.py:1103} INFO - Dependencies all met for dep_context=requeueable deps ti=<TaskInstance: stock_etf_data_pipeline.etfs_raw_data_processing manual__2023-07-11T20:12:30.482690+00:00 [queued]>
[2023-07-11T20:17:15.051+0000] {taskinstance.py:1308} INFO - Starting attempt 1 of 1
[2023-07-11T20:17:15.128+0000] {taskinstance.py:1327} INFO - Executing <Task(PythonOperator): etfs_raw_data_processing> on 2023-07-11 20:12:30.482690+00:00
[2023-07-11T20:17:15.142+0000] {standard_task_runner.py:57} INFO - Started process 225 to run task
[2023-07-11T20:17:15.154+0000] {standard_task_runner.py:84} INFO - Running: ['***', 'tasks', 'run', 'stock_etf_data_pipeline', 'etfs_raw_data_processing', 'manual__2023-07-11T20:12:30.482690+00:00', '--job-id', '105', '--raw', '--subdir', 'DAGS_FOLDER/main.py', '--cfg-path', '/tmp/tmp9z6vasfu']
[2023-07-11T20:17:15.157+0000] {standard_task_runner.py:85} INFO - Job 105: Subtask etfs_raw_data_processing
[2023-07-11T20:17:15.313+0000] {task_command.py:410} INFO - Running <TaskInstance: stock_etf_data_pipeline.etfs_raw_data_processing manual__2023-07-11T20:12:30.482690+00:00 [running]> on host 76fe7741dc03
[2023-07-11T20:17:15.541+0000] {taskinstance.py:1547} INFO - Exporting env vars: AIRFLOW_CTX_DAG_OWNER='stock_market' AIRFLOW_CTX_DAG_ID='stock_etf_data_pipeline' AIRFLOW_CTX_TASK_ID='etfs_raw_data_processing' AIRFLOW_CTX_EXECUTION_DATE='2023-07-11T20:12:30.482690+00:00' AIRFLOW_CTX_TRY_NUMBER='1' AIRFLOW_CTX_DAG_RUN_ID='manual__2023-07-11T20:12:30.482690+00:00'
[2023-07-11T20:17:47.719+0000] {logging_mixin.py:149} INFO - /opt/***/data/processed/etfs.parquet schema: ┌───────────────┬─────────────┬─────────┬─────────┬─────────┬─────────┐
│  column_name  │ column_type │  null   │   key   │ default │  extra  │
│    varchar    │   varchar   │ varchar │ varchar │ varchar │ varchar │
├───────────────┼─────────────┼─────────┼─────────┼─────────┼─────────┤
│ Symbol        │ VARCHAR     │ YES     │ NULL    │ NULL    │ NULL    │
│ Security Name │ VARCHAR     │ YES     │ NULL    │ NULL    │ NULL    │
│ Date          │ VARCHAR     │ YES     │ NULL    │ NULL    │ NULL    │
│ Open          │ DOUBLE      │ YES     │ NULL    │ NULL    │ NULL    │
│ High          │ DOUBLE      │ YES     │ NULL    │ NULL    │ NULL    │
│ Low           │ DOUBLE      │ YES     │ NULL    │ NULL    │ NULL    │
│ Close         │ DOUBLE      │ YES     │ NULL    │ NULL    │ NULL    │
│ Adj Close     │ DOUBLE      │ YES     │ NULL    │ NULL    │ NULL    │
│ Volume        │ BIGINT      │ YES     │ NULL    │ NULL    │ NULL    │
└───────────────┴─────────────┴─────────┴─────────┴─────────┴─────────┘
[2023-07-11T20:17:47.795+0000] {python.py:183} INFO - Done. Returned value was: /opt/***/data/processed
[2023-07-11T20:17:47.871+0000] {taskinstance.py:1350} INFO - Marking task as SUCCESS. dag_id=stock_etf_data_pipeline, task_id=etfs_raw_data_processing, execution_date=20230711T201230, start_date=20230711T201715, end_date=20230711T201747
[2023-07-11T20:17:47.986+0000] {local_task_job_runner.py:225} INFO - Task exited with return code 0
