[2023-07-11T20:17:15.557+0000] {taskinstance.py:1103} INFO - Dependencies all met for dep_context=non-requeueable deps ti=<TaskInstance: stock_etf_data_pipeline.stocks_raw_data_processing manual__2023-07-11T20:12:30.482690+00:00 [queued]>
[2023-07-11T20:17:15.581+0000] {taskinstance.py:1103} INFO - Dependencies all met for dep_context=requeueable deps ti=<TaskInstance: stock_etf_data_pipeline.stocks_raw_data_processing manual__2023-07-11T20:12:30.482690+00:00 [queued]>
[2023-07-11T20:17:15.582+0000] {taskinstance.py:1308} INFO - Starting attempt 1 of 1
[2023-07-11T20:17:15.627+0000] {taskinstance.py:1327} INFO - Executing <Task(PythonOperator): stocks_raw_data_processing> on 2023-07-11 20:12:30.482690+00:00
[2023-07-11T20:17:15.648+0000] {standard_task_runner.py:57} INFO - Started process 232 to run task
[2023-07-11T20:17:15.665+0000] {standard_task_runner.py:84} INFO - Running: ['***', 'tasks', 'run', 'stock_etf_data_pipeline', 'stocks_raw_data_processing', 'manual__2023-07-11T20:12:30.482690+00:00', '--job-id', '106', '--raw', '--subdir', 'DAGS_FOLDER/main.py', '--cfg-path', '/tmp/tmpo0c58ycx']
[2023-07-11T20:17:15.671+0000] {standard_task_runner.py:85} INFO - Job 106: Subtask stocks_raw_data_processing
[2023-07-11T20:17:15.984+0000] {task_command.py:410} INFO - Running <TaskInstance: stock_etf_data_pipeline.stocks_raw_data_processing manual__2023-07-11T20:12:30.482690+00:00 [running]> on host 76fe7741dc03
[2023-07-11T20:17:16.519+0000] {taskinstance.py:1547} INFO - Exporting env vars: AIRFLOW_CTX_DAG_OWNER='stock_market' AIRFLOW_CTX_DAG_ID='stock_etf_data_pipeline' AIRFLOW_CTX_TASK_ID='stocks_raw_data_processing' AIRFLOW_CTX_EXECUTION_DATE='2023-07-11T20:12:30.482690+00:00' AIRFLOW_CTX_TRY_NUMBER='1' AIRFLOW_CTX_DAG_RUN_ID='manual__2023-07-11T20:12:30.482690+00:00'
[2023-07-11T20:19:14.797+0000] {logging_mixin.py:149} INFO - /opt/***/data/processed/stocks.parquet schema: ┌───────────────┬─────────────┬─────────┬─────────┬─────────┬─────────┐
│  column_name  │ column_type │  null   │   key   │ default │  extra  │
│    varchar    │   varchar   │ varchar │ varchar │ varchar │ varchar │
├───────────────┼─────────────┼─────────┼─────────┼─────────┼─────────┤
│ Symbol        │ VARCHAR     │ YES     │ NULL    │ NULL    │ NULL    │
│ Security Name │ VARCHAR     │ YES     │ NULL    │ NULL    │ NULL    │
│ Date          │ VARCHAR     │ YES     │ NULL    │ NULL    │ NULL    │
│ Open          │ DOUBLE      │ YES     │ NULL    │ NULL    │ NULL    │
│ High          │ DOUBLE      │ YES     │ NULL    │ NULL    │ NULL    │
│ Low           │ DOUBLE      │ YES     │ NULL    │ NULL    │ NULL    │
│ Close         │ DOUBLE      │ YES     │ NULL    │ NULL    │ NULL    │
│ Adj Close     │ DOUBLE      │ YES     │ NULL    │ NULL    │ NULL    │
│ Volume        │ BIGINT      │ YES     │ NULL    │ NULL    │ NULL    │
└───────────────┴─────────────┴─────────┴─────────┴─────────┴─────────┘
[2023-07-11T20:19:14.845+0000] {python.py:183} INFO - Done. Returned value was: /opt/***/data/processed
[2023-07-11T20:19:14.886+0000] {taskinstance.py:1350} INFO - Marking task as SUCCESS. dag_id=stock_etf_data_pipeline, task_id=stocks_raw_data_processing, execution_date=20230711T201230, start_date=20230711T201715, end_date=20230711T201914
[2023-07-11T20:19:14.959+0000] {local_task_job_runner.py:225} INFO - Task exited with return code 0
