[2023-07-07T15:28:30.020+0000] {processor.py:157} INFO - Started process (PID=32) to work on /opt/airflow/dags/main.py
[2023-07-07T15:28:30.022+0000] {processor.py:826} INFO - Processing file /opt/airflow/dags/main.py for tasks to queue
[2023-07-07T15:28:30.026+0000] {logging_mixin.py:149} INFO - [2023-07-07T15:28:30.025+0000] {dagbag.py:541} INFO - Filling up the DagBag from /opt/airflow/dags/main.py
[2023-07-07T15:28:30.180+0000] {processor.py:836} INFO - DAG(s) dict_keys(['stock_etf_data_pipeline']) retrieved from /opt/airflow/dags/main.py
[2023-07-07T15:28:30.676+0000] {logging_mixin.py:149} INFO - [2023-07-07T15:28:30.676+0000] {manager.py:504} INFO - Created Permission View: can delete on DAG:stock_etf_data_pipeline
[2023-07-07T15:28:30.695+0000] {logging_mixin.py:149} INFO - [2023-07-07T15:28:30.695+0000] {manager.py:504} INFO - Created Permission View: can edit on DAG:stock_etf_data_pipeline
[2023-07-07T15:28:30.709+0000] {logging_mixin.py:149} INFO - [2023-07-07T15:28:30.709+0000] {manager.py:504} INFO - Created Permission View: can read on DAG:stock_etf_data_pipeline
[2023-07-07T15:28:30.734+0000] {logging_mixin.py:149} INFO - [2023-07-07T15:28:30.733+0000] {dag.py:2726} INFO - Sync 1 DAGs
[2023-07-07T15:28:30.753+0000] {logging_mixin.py:149} INFO - [2023-07-07T15:28:30.753+0000] {dag.py:2747} INFO - Creating ORM DAG for stock_etf_data_pipeline
[2023-07-07T15:28:30.771+0000] {logging_mixin.py:149} INFO - [2023-07-07T15:28:30.771+0000] {dag.py:3490} INFO - Setting next_dagrun for stock_etf_data_pipeline to None, run_after=None
[2023-07-07T15:28:30.810+0000] {processor.py:179} INFO - Processing /opt/airflow/dags/main.py took 0.797 seconds
[2023-07-07T15:29:01.025+0000] {processor.py:157} INFO - Started process (PID=47) to work on /opt/airflow/dags/main.py
[2023-07-07T15:29:01.033+0000] {processor.py:826} INFO - Processing file /opt/airflow/dags/main.py for tasks to queue
[2023-07-07T15:29:01.035+0000] {logging_mixin.py:149} INFO - [2023-07-07T15:29:01.034+0000] {dagbag.py:541} INFO - Filling up the DagBag from /opt/airflow/dags/main.py
[2023-07-07T15:29:01.112+0000] {processor.py:836} INFO - DAG(s) dict_keys(['stock_etf_data_pipeline']) retrieved from /opt/airflow/dags/main.py
[2023-07-07T15:29:01.157+0000] {logging_mixin.py:149} INFO - [2023-07-07T15:29:01.157+0000] {dag.py:2726} INFO - Sync 1 DAGs
[2023-07-07T15:29:01.203+0000] {logging_mixin.py:149} INFO - [2023-07-07T15:29:01.203+0000] {dag.py:3490} INFO - Setting next_dagrun for stock_etf_data_pipeline to None, run_after=None
[2023-07-07T15:29:01.383+0000] {processor.py:179} INFO - Processing /opt/airflow/dags/main.py took 0.364 seconds
[2023-07-07T15:29:31.452+0000] {processor.py:157} INFO - Started process (PID=61) to work on /opt/airflow/dags/main.py
[2023-07-07T15:29:31.455+0000] {processor.py:826} INFO - Processing file /opt/airflow/dags/main.py for tasks to queue
[2023-07-07T15:29:31.459+0000] {logging_mixin.py:149} INFO - [2023-07-07T15:29:31.458+0000] {dagbag.py:541} INFO - Filling up the DagBag from /opt/airflow/dags/main.py
[2023-07-07T15:29:31.573+0000] {processor.py:836} INFO - DAG(s) dict_keys(['stock_etf_data_pipeline']) retrieved from /opt/airflow/dags/main.py
[2023-07-07T15:29:31.630+0000] {logging_mixin.py:149} INFO - [2023-07-07T15:29:31.630+0000] {dag.py:2726} INFO - Sync 1 DAGs
[2023-07-07T15:29:31.809+0000] {logging_mixin.py:149} INFO - [2023-07-07T15:29:31.808+0000] {dag.py:3490} INFO - Setting next_dagrun for stock_etf_data_pipeline to None, run_after=None
[2023-07-07T15:29:31.845+0000] {processor.py:179} INFO - Processing /opt/airflow/dags/main.py took 0.400 seconds
[2023-07-07T15:30:02.224+0000] {processor.py:157} INFO - Started process (PID=75) to work on /opt/airflow/dags/main.py
[2023-07-07T15:30:02.229+0000] {processor.py:826} INFO - Processing file /opt/airflow/dags/main.py for tasks to queue
[2023-07-07T15:30:02.232+0000] {logging_mixin.py:149} INFO - [2023-07-07T15:30:02.231+0000] {dagbag.py:541} INFO - Filling up the DagBag from /opt/airflow/dags/main.py
[2023-07-07T15:30:02.350+0000] {processor.py:836} INFO - DAG(s) dict_keys(['stock_etf_data_pipeline']) retrieved from /opt/airflow/dags/main.py
[2023-07-07T15:30:02.406+0000] {logging_mixin.py:149} INFO - [2023-07-07T15:30:02.406+0000] {dag.py:2726} INFO - Sync 1 DAGs
[2023-07-07T15:30:02.623+0000] {logging_mixin.py:149} INFO - [2023-07-07T15:30:02.622+0000] {dag.py:3490} INFO - Setting next_dagrun for stock_etf_data_pipeline to None, run_after=None
[2023-07-07T15:30:02.661+0000] {processor.py:179} INFO - Processing /opt/airflow/dags/main.py took 0.446 seconds
[2023-07-07T15:30:32.962+0000] {processor.py:157} INFO - Started process (PID=89) to work on /opt/airflow/dags/main.py
[2023-07-07T15:30:32.970+0000] {processor.py:826} INFO - Processing file /opt/airflow/dags/main.py for tasks to queue
[2023-07-07T15:30:32.972+0000] {logging_mixin.py:149} INFO - [2023-07-07T15:30:32.972+0000] {dagbag.py:541} INFO - Filling up the DagBag from /opt/airflow/dags/main.py
[2023-07-07T15:30:33.042+0000] {processor.py:836} INFO - DAG(s) dict_keys(['stock_etf_data_pipeline']) retrieved from /opt/airflow/dags/main.py
[2023-07-07T15:30:33.337+0000] {logging_mixin.py:149} INFO - [2023-07-07T15:30:33.337+0000] {dag.py:2726} INFO - Sync 1 DAGs
[2023-07-07T15:30:33.396+0000] {logging_mixin.py:149} INFO - [2023-07-07T15:30:33.396+0000] {dag.py:3490} INFO - Setting next_dagrun for stock_etf_data_pipeline to None, run_after=None
[2023-07-07T15:30:33.436+0000] {processor.py:179} INFO - Processing /opt/airflow/dags/main.py took 0.481 seconds
[2023-07-07T15:31:03.641+0000] {processor.py:157} INFO - Started process (PID=103) to work on /opt/airflow/dags/main.py
[2023-07-07T15:31:03.643+0000] {processor.py:826} INFO - Processing file /opt/airflow/dags/main.py for tasks to queue
[2023-07-07T15:31:03.645+0000] {logging_mixin.py:149} INFO - [2023-07-07T15:31:03.645+0000] {dagbag.py:541} INFO - Filling up the DagBag from /opt/airflow/dags/main.py
[2023-07-07T15:31:03.744+0000] {processor.py:836} INFO - DAG(s) dict_keys(['stock_etf_data_pipeline']) retrieved from /opt/airflow/dags/main.py
[2023-07-07T15:31:03.922+0000] {logging_mixin.py:149} INFO - [2023-07-07T15:31:03.922+0000] {dag.py:2726} INFO - Sync 1 DAGs
[2023-07-07T15:31:03.958+0000] {logging_mixin.py:149} INFO - [2023-07-07T15:31:03.957+0000] {dag.py:3490} INFO - Setting next_dagrun for stock_etf_data_pipeline to None, run_after=None
[2023-07-07T15:31:03.986+0000] {processor.py:179} INFO - Processing /opt/airflow/dags/main.py took 0.352 seconds
[2023-07-07T15:31:34.196+0000] {processor.py:157} INFO - Started process (PID=117) to work on /opt/airflow/dags/main.py
[2023-07-07T15:31:34.200+0000] {processor.py:826} INFO - Processing file /opt/airflow/dags/main.py for tasks to queue
[2023-07-07T15:31:34.202+0000] {logging_mixin.py:149} INFO - [2023-07-07T15:31:34.201+0000] {dagbag.py:541} INFO - Filling up the DagBag from /opt/airflow/dags/main.py
[2023-07-07T15:31:34.493+0000] {processor.py:836} INFO - DAG(s) dict_keys(['stock_etf_data_pipeline']) retrieved from /opt/airflow/dags/main.py
[2023-07-07T15:31:34.535+0000] {logging_mixin.py:149} INFO - [2023-07-07T15:31:34.535+0000] {dag.py:2726} INFO - Sync 1 DAGs
[2023-07-07T15:31:34.567+0000] {logging_mixin.py:149} INFO - [2023-07-07T15:31:34.567+0000] {dag.py:3490} INFO - Setting next_dagrun for stock_etf_data_pipeline to None, run_after=None
[2023-07-07T15:31:34.594+0000] {processor.py:179} INFO - Processing /opt/airflow/dags/main.py took 0.404 seconds
[2023-07-07T15:32:04.951+0000] {processor.py:157} INFO - Started process (PID=131) to work on /opt/airflow/dags/main.py
[2023-07-07T15:32:04.955+0000] {processor.py:826} INFO - Processing file /opt/airflow/dags/main.py for tasks to queue
[2023-07-07T15:32:04.957+0000] {logging_mixin.py:149} INFO - [2023-07-07T15:32:04.957+0000] {dagbag.py:541} INFO - Filling up the DagBag from /opt/airflow/dags/main.py
[2023-07-07T15:32:05.112+0000] {processor.py:836} INFO - DAG(s) dict_keys(['stock_etf_data_pipeline']) retrieved from /opt/airflow/dags/main.py
[2023-07-07T15:32:06.352+0000] {logging_mixin.py:149} INFO - [2023-07-07T15:32:06.346+0000] {dag.py:2726} INFO - Sync 1 DAGs
[2023-07-07T15:32:06.652+0000] {logging_mixin.py:149} INFO - [2023-07-07T15:32:06.651+0000] {dag.py:3490} INFO - Setting next_dagrun for stock_etf_data_pipeline to None, run_after=None
[2023-07-07T15:32:06.742+0000] {processor.py:179} INFO - Processing /opt/airflow/dags/main.py took 1.799 seconds
[2023-07-07T15:32:37.060+0000] {processor.py:157} INFO - Started process (PID=144) to work on /opt/airflow/dags/main.py
[2023-07-07T15:32:37.064+0000] {processor.py:826} INFO - Processing file /opt/airflow/dags/main.py for tasks to queue
[2023-07-07T15:32:37.066+0000] {logging_mixin.py:149} INFO - [2023-07-07T15:32:37.066+0000] {dagbag.py:541} INFO - Filling up the DagBag from /opt/airflow/dags/main.py
[2023-07-07T15:32:37.142+0000] {processor.py:836} INFO - DAG(s) dict_keys(['stock_etf_data_pipeline']) retrieved from /opt/airflow/dags/main.py
[2023-07-07T15:32:37.185+0000] {logging_mixin.py:149} INFO - [2023-07-07T15:32:37.185+0000] {dag.py:2726} INFO - Sync 1 DAGs
[2023-07-07T15:32:37.223+0000] {logging_mixin.py:149} INFO - [2023-07-07T15:32:37.223+0000] {dag.py:3490} INFO - Setting next_dagrun for stock_etf_data_pipeline to None, run_after=None
[2023-07-07T15:32:37.252+0000] {processor.py:179} INFO - Processing /opt/airflow/dags/main.py took 0.198 seconds
[2023-07-07T15:33:07.400+0000] {processor.py:157} INFO - Started process (PID=158) to work on /opt/airflow/dags/main.py
[2023-07-07T15:33:07.402+0000] {processor.py:826} INFO - Processing file /opt/airflow/dags/main.py for tasks to queue
[2023-07-07T15:33:07.404+0000] {logging_mixin.py:149} INFO - [2023-07-07T15:33:07.404+0000] {dagbag.py:541} INFO - Filling up the DagBag from /opt/airflow/dags/main.py
[2023-07-07T15:33:07.480+0000] {processor.py:836} INFO - DAG(s) dict_keys(['stock_etf_data_pipeline']) retrieved from /opt/airflow/dags/main.py
[2023-07-07T15:33:07.530+0000] {logging_mixin.py:149} INFO - [2023-07-07T15:33:07.529+0000] {dag.py:2726} INFO - Sync 1 DAGs
[2023-07-07T15:33:07.575+0000] {logging_mixin.py:149} INFO - [2023-07-07T15:33:07.575+0000] {dag.py:3490} INFO - Setting next_dagrun for stock_etf_data_pipeline to None, run_after=None
[2023-07-07T15:33:07.618+0000] {processor.py:179} INFO - Processing /opt/airflow/dags/main.py took 0.224 seconds
[2023-07-07T15:33:37.843+0000] {processor.py:157} INFO - Started process (PID=172) to work on /opt/airflow/dags/main.py
[2023-07-07T15:33:37.851+0000] {processor.py:826} INFO - Processing file /opt/airflow/dags/main.py for tasks to queue
[2023-07-07T15:33:37.854+0000] {logging_mixin.py:149} INFO - [2023-07-07T15:33:37.853+0000] {dagbag.py:541} INFO - Filling up the DagBag from /opt/airflow/dags/main.py
[2023-07-07T15:33:37.924+0000] {processor.py:836} INFO - DAG(s) dict_keys(['stock_etf_data_pipeline']) retrieved from /opt/airflow/dags/main.py
[2023-07-07T15:33:37.966+0000] {logging_mixin.py:149} INFO - [2023-07-07T15:33:37.966+0000] {dag.py:2726} INFO - Sync 1 DAGs
[2023-07-07T15:33:38.001+0000] {logging_mixin.py:149} INFO - [2023-07-07T15:33:38.001+0000] {dag.py:3490} INFO - Setting next_dagrun for stock_etf_data_pipeline to None, run_after=None
[2023-07-07T15:33:38.039+0000] {processor.py:179} INFO - Processing /opt/airflow/dags/main.py took 0.201 seconds
[2023-07-07T15:34:08.257+0000] {processor.py:157} INFO - Started process (PID=186) to work on /opt/airflow/dags/main.py
[2023-07-07T15:34:08.271+0000] {processor.py:826} INFO - Processing file /opt/airflow/dags/main.py for tasks to queue
[2023-07-07T15:34:08.290+0000] {logging_mixin.py:149} INFO - [2023-07-07T15:34:08.289+0000] {dagbag.py:541} INFO - Filling up the DagBag from /opt/airflow/dags/main.py
[2023-07-07T15:34:08.949+0000] {processor.py:836} INFO - DAG(s) dict_keys(['stock_etf_data_pipeline']) retrieved from /opt/airflow/dags/main.py
[2023-07-07T15:34:09.105+0000] {logging_mixin.py:149} INFO - [2023-07-07T15:34:09.105+0000] {dag.py:2726} INFO - Sync 1 DAGs
[2023-07-07T15:34:09.223+0000] {logging_mixin.py:149} INFO - [2023-07-07T15:34:09.222+0000] {dag.py:3490} INFO - Setting next_dagrun for stock_etf_data_pipeline to None, run_after=None
[2023-07-07T15:34:09.286+0000] {processor.py:179} INFO - Processing /opt/airflow/dags/main.py took 1.041 seconds
[2023-07-07T15:34:39.658+0000] {processor.py:157} INFO - Started process (PID=200) to work on /opt/airflow/dags/main.py
[2023-07-07T15:34:39.668+0000] {processor.py:826} INFO - Processing file /opt/airflow/dags/main.py for tasks to queue
[2023-07-07T15:34:39.673+0000] {logging_mixin.py:149} INFO - [2023-07-07T15:34:39.672+0000] {dagbag.py:541} INFO - Filling up the DagBag from /opt/airflow/dags/main.py
[2023-07-07T15:34:39.888+0000] {processor.py:836} INFO - DAG(s) dict_keys(['stock_etf_data_pipeline']) retrieved from /opt/airflow/dags/main.py
[2023-07-07T15:34:40.151+0000] {logging_mixin.py:149} INFO - [2023-07-07T15:34:40.151+0000] {dag.py:2726} INFO - Sync 1 DAGs
[2023-07-07T15:34:40.305+0000] {logging_mixin.py:149} INFO - [2023-07-07T15:34:40.304+0000] {dag.py:3490} INFO - Setting next_dagrun for stock_etf_data_pipeline to None, run_after=None
[2023-07-07T15:34:40.370+0000] {processor.py:179} INFO - Processing /opt/airflow/dags/main.py took 0.755 seconds
[2023-07-07T15:35:10.632+0000] {processor.py:157} INFO - Started process (PID=214) to work on /opt/airflow/dags/main.py
[2023-07-07T15:35:10.636+0000] {processor.py:826} INFO - Processing file /opt/airflow/dags/main.py for tasks to queue
[2023-07-07T15:35:10.639+0000] {logging_mixin.py:149} INFO - [2023-07-07T15:35:10.639+0000] {dagbag.py:541} INFO - Filling up the DagBag from /opt/airflow/dags/main.py
[2023-07-07T15:35:10.756+0000] {processor.py:836} INFO - DAG(s) dict_keys(['stock_etf_data_pipeline']) retrieved from /opt/airflow/dags/main.py
[2023-07-07T15:35:10.842+0000] {logging_mixin.py:149} INFO - [2023-07-07T15:35:10.842+0000] {dag.py:2726} INFO - Sync 1 DAGs
[2023-07-07T15:35:10.908+0000] {logging_mixin.py:149} INFO - [2023-07-07T15:35:10.907+0000] {dag.py:3490} INFO - Setting next_dagrun for stock_etf_data_pipeline to None, run_after=None
[2023-07-07T15:35:10.955+0000] {processor.py:179} INFO - Processing /opt/airflow/dags/main.py took 0.331 seconds
[2023-07-07T15:35:41.086+0000] {processor.py:157} INFO - Started process (PID=228) to work on /opt/airflow/dags/main.py
[2023-07-07T15:35:41.089+0000] {processor.py:826} INFO - Processing file /opt/airflow/dags/main.py for tasks to queue
[2023-07-07T15:35:41.091+0000] {logging_mixin.py:149} INFO - [2023-07-07T15:35:41.091+0000] {dagbag.py:541} INFO - Filling up the DagBag from /opt/airflow/dags/main.py
[2023-07-07T15:35:41.182+0000] {processor.py:836} INFO - DAG(s) dict_keys(['stock_etf_data_pipeline']) retrieved from /opt/airflow/dags/main.py
[2023-07-07T15:35:41.246+0000] {logging_mixin.py:149} INFO - [2023-07-07T15:35:41.246+0000] {dag.py:2726} INFO - Sync 1 DAGs
[2023-07-07T15:35:41.312+0000] {logging_mixin.py:149} INFO - [2023-07-07T15:35:41.312+0000] {dag.py:3490} INFO - Setting next_dagrun for stock_etf_data_pipeline to None, run_after=None
[2023-07-07T15:35:41.366+0000] {processor.py:179} INFO - Processing /opt/airflow/dags/main.py took 0.287 seconds
[2023-07-07T15:36:12.370+0000] {processor.py:157} INFO - Started process (PID=242) to work on /opt/airflow/dags/main.py
[2023-07-07T15:36:12.378+0000] {processor.py:826} INFO - Processing file /opt/airflow/dags/main.py for tasks to queue
[2023-07-07T15:36:12.391+0000] {logging_mixin.py:149} INFO - [2023-07-07T15:36:12.390+0000] {dagbag.py:541} INFO - Filling up the DagBag from /opt/airflow/dags/main.py
[2023-07-07T15:36:12.731+0000] {processor.py:836} INFO - DAG(s) dict_keys(['stock_etf_data_pipeline']) retrieved from /opt/airflow/dags/main.py
[2023-07-07T15:36:12.862+0000] {logging_mixin.py:149} INFO - [2023-07-07T15:36:12.861+0000] {dag.py:2726} INFO - Sync 1 DAGs
[2023-07-07T15:36:13.153+0000] {logging_mixin.py:149} INFO - [2023-07-07T15:36:13.152+0000] {dag.py:3490} INFO - Setting next_dagrun for stock_etf_data_pipeline to None, run_after=None
[2023-07-07T15:36:13.258+0000] {processor.py:179} INFO - Processing /opt/airflow/dags/main.py took 0.910 seconds
[2023-07-07T15:36:43.512+0000] {processor.py:157} INFO - Started process (PID=256) to work on /opt/airflow/dags/main.py
[2023-07-07T15:36:43.525+0000] {processor.py:826} INFO - Processing file /opt/airflow/dags/main.py for tasks to queue
[2023-07-07T15:36:43.533+0000] {logging_mixin.py:149} INFO - [2023-07-07T15:36:43.532+0000] {dagbag.py:541} INFO - Filling up the DagBag from /opt/airflow/dags/main.py
[2023-07-07T15:36:43.773+0000] {processor.py:836} INFO - DAG(s) dict_keys(['stock_etf_data_pipeline']) retrieved from /opt/airflow/dags/main.py
[2023-07-07T15:36:43.870+0000] {logging_mixin.py:149} INFO - [2023-07-07T15:36:43.869+0000] {dag.py:2726} INFO - Sync 1 DAGs
[2023-07-07T15:36:43.946+0000] {logging_mixin.py:149} INFO - [2023-07-07T15:36:43.946+0000] {dag.py:3490} INFO - Setting next_dagrun for stock_etf_data_pipeline to None, run_after=None
[2023-07-07T15:36:43.988+0000] {processor.py:179} INFO - Processing /opt/airflow/dags/main.py took 0.502 seconds
[2023-07-07T15:37:14.200+0000] {processor.py:157} INFO - Started process (PID=270) to work on /opt/airflow/dags/main.py
[2023-07-07T15:37:14.208+0000] {processor.py:826} INFO - Processing file /opt/airflow/dags/main.py for tasks to queue
[2023-07-07T15:37:14.214+0000] {logging_mixin.py:149} INFO - [2023-07-07T15:37:14.213+0000] {dagbag.py:541} INFO - Filling up the DagBag from /opt/airflow/dags/main.py
[2023-07-07T15:37:14.455+0000] {processor.py:836} INFO - DAG(s) dict_keys(['stock_etf_data_pipeline']) retrieved from /opt/airflow/dags/main.py
[2023-07-07T15:37:14.557+0000] {logging_mixin.py:149} INFO - [2023-07-07T15:37:14.557+0000] {dag.py:2726} INFO - Sync 1 DAGs
[2023-07-07T15:37:14.631+0000] {logging_mixin.py:149} INFO - [2023-07-07T15:37:14.630+0000] {dag.py:3490} INFO - Setting next_dagrun for stock_etf_data_pipeline to None, run_after=None
[2023-07-07T15:37:14.706+0000] {processor.py:179} INFO - Processing /opt/airflow/dags/main.py took 0.533 seconds
[2023-07-07T15:37:45.039+0000] {processor.py:157} INFO - Started process (PID=284) to work on /opt/airflow/dags/main.py
[2023-07-07T15:37:45.060+0000] {processor.py:826} INFO - Processing file /opt/airflow/dags/main.py for tasks to queue
[2023-07-07T15:37:45.076+0000] {logging_mixin.py:149} INFO - [2023-07-07T15:37:45.075+0000] {dagbag.py:541} INFO - Filling up the DagBag from /opt/airflow/dags/main.py
[2023-07-07T15:37:45.362+0000] {processor.py:836} INFO - DAG(s) dict_keys(['stock_etf_data_pipeline']) retrieved from /opt/airflow/dags/main.py
[2023-07-07T15:37:45.653+0000] {logging_mixin.py:149} INFO - [2023-07-07T15:37:45.653+0000] {dag.py:2726} INFO - Sync 1 DAGs
[2023-07-07T15:37:46.434+0000] {logging_mixin.py:149} INFO - [2023-07-07T15:37:46.432+0000] {dag.py:3490} INFO - Setting next_dagrun for stock_etf_data_pipeline to None, run_after=None
[2023-07-07T15:37:46.683+0000] {processor.py:179} INFO - Processing /opt/airflow/dags/main.py took 1.660 seconds
[2023-07-07T15:38:17.198+0000] {processor.py:157} INFO - Started process (PID=298) to work on /opt/airflow/dags/main.py
[2023-07-07T15:38:17.203+0000] {processor.py:826} INFO - Processing file /opt/airflow/dags/main.py for tasks to queue
[2023-07-07T15:38:17.208+0000] {logging_mixin.py:149} INFO - [2023-07-07T15:38:17.207+0000] {dagbag.py:541} INFO - Filling up the DagBag from /opt/airflow/dags/main.py
[2023-07-07T15:38:17.402+0000] {processor.py:836} INFO - DAG(s) dict_keys(['stock_etf_data_pipeline']) retrieved from /opt/airflow/dags/main.py
[2023-07-07T15:38:17.505+0000] {logging_mixin.py:149} INFO - [2023-07-07T15:38:17.505+0000] {dag.py:2726} INFO - Sync 1 DAGs
[2023-07-07T15:38:17.591+0000] {logging_mixin.py:149} INFO - [2023-07-07T15:38:17.590+0000] {dag.py:3490} INFO - Setting next_dagrun for stock_etf_data_pipeline to None, run_after=None
[2023-07-07T15:38:17.635+0000] {processor.py:179} INFO - Processing /opt/airflow/dags/main.py took 0.460 seconds
[2023-07-07T15:38:47.993+0000] {processor.py:157} INFO - Started process (PID=311) to work on /opt/airflow/dags/main.py
[2023-07-07T15:38:47.996+0000] {processor.py:826} INFO - Processing file /opt/airflow/dags/main.py for tasks to queue
[2023-07-07T15:38:48.136+0000] {logging_mixin.py:149} INFO - [2023-07-07T15:38:48.133+0000] {dagbag.py:541} INFO - Filling up the DagBag from /opt/airflow/dags/main.py
[2023-07-07T15:38:48.477+0000] {processor.py:836} INFO - DAG(s) dict_keys(['stock_etf_data_pipeline']) retrieved from /opt/airflow/dags/main.py
[2023-07-07T15:38:48.616+0000] {logging_mixin.py:149} INFO - [2023-07-07T15:38:48.615+0000] {dag.py:2726} INFO - Sync 1 DAGs
[2023-07-07T15:38:48.773+0000] {logging_mixin.py:149} INFO - [2023-07-07T15:38:48.773+0000] {dag.py:3490} INFO - Setting next_dagrun for stock_etf_data_pipeline to None, run_after=None
[2023-07-07T15:38:48.823+0000] {processor.py:179} INFO - Processing /opt/airflow/dags/main.py took 0.845 seconds
[2023-07-07T15:39:19.212+0000] {processor.py:157} INFO - Started process (PID=325) to work on /opt/airflow/dags/main.py
[2023-07-07T15:39:19.226+0000] {processor.py:826} INFO - Processing file /opt/airflow/dags/main.py for tasks to queue
[2023-07-07T15:39:19.235+0000] {logging_mixin.py:149} INFO - [2023-07-07T15:39:19.233+0000] {dagbag.py:541} INFO - Filling up the DagBag from /opt/airflow/dags/main.py
[2023-07-07T15:39:19.544+0000] {processor.py:836} INFO - DAG(s) dict_keys(['stock_etf_data_pipeline']) retrieved from /opt/airflow/dags/main.py
[2023-07-07T15:39:19.669+0000] {logging_mixin.py:149} INFO - [2023-07-07T15:39:19.668+0000] {dag.py:2726} INFO - Sync 1 DAGs
[2023-07-07T15:39:19.853+0000] {logging_mixin.py:149} INFO - [2023-07-07T15:39:19.853+0000] {dag.py:3490} INFO - Setting next_dagrun for stock_etf_data_pipeline to None, run_after=None
[2023-07-07T15:39:19.917+0000] {processor.py:179} INFO - Processing /opt/airflow/dags/main.py took 0.737 seconds
[2023-07-07T15:39:50.356+0000] {processor.py:157} INFO - Started process (PID=343) to work on /opt/airflow/dags/main.py
[2023-07-07T15:39:50.370+0000] {processor.py:826} INFO - Processing file /opt/airflow/dags/main.py for tasks to queue
[2023-07-07T15:39:50.375+0000] {logging_mixin.py:149} INFO - [2023-07-07T15:39:50.374+0000] {dagbag.py:541} INFO - Filling up the DagBag from /opt/airflow/dags/main.py
[2023-07-07T15:39:50.739+0000] {processor.py:836} INFO - DAG(s) dict_keys(['stock_etf_data_pipeline']) retrieved from /opt/airflow/dags/main.py
[2023-07-07T15:39:50.973+0000] {logging_mixin.py:149} INFO - [2023-07-07T15:39:50.973+0000] {dag.py:2726} INFO - Sync 1 DAGs
[2023-07-07T15:39:51.118+0000] {logging_mixin.py:149} INFO - [2023-07-07T15:39:51.117+0000] {dag.py:3490} INFO - Setting next_dagrun for stock_etf_data_pipeline to None, run_after=None
[2023-07-07T15:39:51.227+0000] {processor.py:179} INFO - Processing /opt/airflow/dags/main.py took 0.886 seconds
[2023-07-07T15:40:21.442+0000] {processor.py:157} INFO - Started process (PID=357) to work on /opt/airflow/dags/main.py
[2023-07-07T15:40:21.447+0000] {processor.py:826} INFO - Processing file /opt/airflow/dags/main.py for tasks to queue
[2023-07-07T15:40:21.450+0000] {logging_mixin.py:149} INFO - [2023-07-07T15:40:21.450+0000] {dagbag.py:541} INFO - Filling up the DagBag from /opt/airflow/dags/main.py
[2023-07-07T15:40:21.698+0000] {processor.py:836} INFO - DAG(s) dict_keys(['stock_etf_data_pipeline']) retrieved from /opt/airflow/dags/main.py
[2023-07-07T15:40:21.809+0000] {logging_mixin.py:149} INFO - [2023-07-07T15:40:21.809+0000] {dag.py:2726} INFO - Sync 1 DAGs
[2023-07-07T15:40:21.945+0000] {logging_mixin.py:149} INFO - [2023-07-07T15:40:21.944+0000] {dag.py:3490} INFO - Setting next_dagrun for stock_etf_data_pipeline to None, run_after=None
[2023-07-07T15:40:22.028+0000] {processor.py:179} INFO - Processing /opt/airflow/dags/main.py took 0.596 seconds
[2023-07-07T15:40:52.233+0000] {processor.py:157} INFO - Started process (PID=371) to work on /opt/airflow/dags/main.py
[2023-07-07T15:40:52.238+0000] {processor.py:826} INFO - Processing file /opt/airflow/dags/main.py for tasks to queue
[2023-07-07T15:40:52.242+0000] {logging_mixin.py:149} INFO - [2023-07-07T15:40:52.241+0000] {dagbag.py:541} INFO - Filling up the DagBag from /opt/airflow/dags/main.py
[2023-07-07T15:40:52.442+0000] {processor.py:836} INFO - DAG(s) dict_keys(['stock_etf_data_pipeline']) retrieved from /opt/airflow/dags/main.py
[2023-07-07T15:40:52.600+0000] {logging_mixin.py:149} INFO - [2023-07-07T15:40:52.599+0000] {dag.py:2726} INFO - Sync 1 DAGs
[2023-07-07T15:40:52.689+0000] {logging_mixin.py:149} INFO - [2023-07-07T15:40:52.689+0000] {dag.py:3490} INFO - Setting next_dagrun for stock_etf_data_pipeline to None, run_after=None
[2023-07-07T15:40:52.824+0000] {processor.py:179} INFO - Processing /opt/airflow/dags/main.py took 0.603 seconds
[2023-07-07T15:41:23.204+0000] {processor.py:157} INFO - Started process (PID=385) to work on /opt/airflow/dags/main.py
[2023-07-07T15:41:23.207+0000] {processor.py:826} INFO - Processing file /opt/airflow/dags/main.py for tasks to queue
[2023-07-07T15:41:23.212+0000] {logging_mixin.py:149} INFO - [2023-07-07T15:41:23.212+0000] {dagbag.py:541} INFO - Filling up the DagBag from /opt/airflow/dags/main.py
[2023-07-07T15:41:23.344+0000] {processor.py:836} INFO - DAG(s) dict_keys(['stock_etf_data_pipeline']) retrieved from /opt/airflow/dags/main.py
[2023-07-07T15:41:23.516+0000] {logging_mixin.py:149} INFO - [2023-07-07T15:41:23.516+0000] {dag.py:2726} INFO - Sync 1 DAGs
[2023-07-07T15:41:23.617+0000] {logging_mixin.py:149} INFO - [2023-07-07T15:41:23.617+0000] {dag.py:3490} INFO - Setting next_dagrun for stock_etf_data_pipeline to None, run_after=None
[2023-07-07T15:41:23.675+0000] {processor.py:179} INFO - Processing /opt/airflow/dags/main.py took 0.485 seconds
[2023-07-07T15:41:54.325+0000] {processor.py:157} INFO - Started process (PID=406) to work on /opt/airflow/dags/main.py
[2023-07-07T15:41:54.328+0000] {processor.py:826} INFO - Processing file /opt/airflow/dags/main.py for tasks to queue
[2023-07-07T15:41:54.332+0000] {logging_mixin.py:149} INFO - [2023-07-07T15:41:54.332+0000] {dagbag.py:541} INFO - Filling up the DagBag from /opt/airflow/dags/main.py
[2023-07-07T15:41:54.549+0000] {processor.py:836} INFO - DAG(s) dict_keys(['stock_etf_data_pipeline']) retrieved from /opt/airflow/dags/main.py
[2023-07-07T15:41:54.688+0000] {logging_mixin.py:149} INFO - [2023-07-07T15:41:54.688+0000] {dag.py:2726} INFO - Sync 1 DAGs
[2023-07-07T15:41:54.761+0000] {logging_mixin.py:149} INFO - [2023-07-07T15:41:54.761+0000] {dag.py:3490} INFO - Setting next_dagrun for stock_etf_data_pipeline to None, run_after=None
[2023-07-07T15:41:54.806+0000] {processor.py:179} INFO - Processing /opt/airflow/dags/main.py took 0.489 seconds
[2023-07-07T15:42:26.018+0000] {processor.py:157} INFO - Started process (PID=420) to work on /opt/airflow/dags/main.py
[2023-07-07T15:42:26.102+0000] {processor.py:826} INFO - Processing file /opt/airflow/dags/main.py for tasks to queue
[2023-07-07T15:42:26.107+0000] {logging_mixin.py:149} INFO - [2023-07-07T15:42:26.107+0000] {dagbag.py:541} INFO - Filling up the DagBag from /opt/airflow/dags/main.py
[2023-07-07T15:42:27.446+0000] {processor.py:836} INFO - DAG(s) dict_keys(['stock_etf_data_pipeline']) retrieved from /opt/airflow/dags/main.py
[2023-07-07T15:42:27.900+0000] {logging_mixin.py:149} INFO - [2023-07-07T15:42:27.900+0000] {dag.py:2726} INFO - Sync 1 DAGs
[2023-07-07T15:42:28.253+0000] {logging_mixin.py:149} INFO - [2023-07-07T15:42:28.251+0000] {dag.py:3490} INFO - Setting next_dagrun for stock_etf_data_pipeline to None, run_after=None
[2023-07-07T15:42:28.481+0000] {processor.py:179} INFO - Processing /opt/airflow/dags/main.py took 2.582 seconds
[2023-07-07T15:43:00.092+0000] {processor.py:157} INFO - Started process (PID=435) to work on /opt/airflow/dags/main.py
[2023-07-07T15:43:00.106+0000] {processor.py:826} INFO - Processing file /opt/airflow/dags/main.py for tasks to queue
[2023-07-07T15:43:00.114+0000] {logging_mixin.py:149} INFO - [2023-07-07T15:43:00.113+0000] {dagbag.py:541} INFO - Filling up the DagBag from /opt/airflow/dags/main.py
[2023-07-07T15:43:00.976+0000] {processor.py:836} INFO - DAG(s) dict_keys(['stock_etf_data_pipeline']) retrieved from /opt/airflow/dags/main.py
[2023-07-07T15:43:01.283+0000] {logging_mixin.py:149} INFO - [2023-07-07T15:43:01.282+0000] {dag.py:2726} INFO - Sync 1 DAGs
[2023-07-07T15:43:01.451+0000] {logging_mixin.py:149} INFO - [2023-07-07T15:43:01.450+0000] {dag.py:3490} INFO - Setting next_dagrun for stock_etf_data_pipeline to None, run_after=None
[2023-07-07T15:43:01.633+0000] {processor.py:179} INFO - Processing /opt/airflow/dags/main.py took 1.571 seconds
[2023-07-07T15:43:35.405+0000] {processor.py:157} INFO - Started process (PID=449) to work on /opt/airflow/dags/main.py
[2023-07-07T15:43:35.422+0000] {processor.py:826} INFO - Processing file /opt/airflow/dags/main.py for tasks to queue
[2023-07-07T15:43:35.434+0000] {logging_mixin.py:149} INFO - [2023-07-07T15:43:35.433+0000] {dagbag.py:541} INFO - Filling up the DagBag from /opt/airflow/dags/main.py
[2023-07-07T15:43:36.718+0000] {processor.py:836} INFO - DAG(s) dict_keys(['stock_etf_data_pipeline']) retrieved from /opt/airflow/dags/main.py
[2023-07-07T15:43:36.896+0000] {logging_mixin.py:149} INFO - [2023-07-07T15:43:36.896+0000] {dag.py:2726} INFO - Sync 1 DAGs
[2023-07-07T15:43:36.964+0000] {logging_mixin.py:149} INFO - [2023-07-07T15:43:36.964+0000] {dag.py:3490} INFO - Setting next_dagrun for stock_etf_data_pipeline to None, run_after=None
[2023-07-07T15:43:37.047+0000] {processor.py:179} INFO - Processing /opt/airflow/dags/main.py took 1.672 seconds
[2023-07-07T15:44:08.997+0000] {processor.py:157} INFO - Started process (PID=463) to work on /opt/airflow/dags/main.py
[2023-07-07T15:44:09.010+0000] {processor.py:826} INFO - Processing file /opt/airflow/dags/main.py for tasks to queue
[2023-07-07T15:44:09.020+0000] {logging_mixin.py:149} INFO - [2023-07-07T15:44:09.019+0000] {dagbag.py:541} INFO - Filling up the DagBag from /opt/airflow/dags/main.py
[2023-07-07T15:44:11.633+0000] {processor.py:836} INFO - DAG(s) dict_keys(['stock_etf_data_pipeline']) retrieved from /opt/airflow/dags/main.py
[2023-07-07T15:44:13.846+0000] {logging_mixin.py:149} INFO - [2023-07-07T15:44:13.839+0000] {dag.py:2726} INFO - Sync 1 DAGs
[2023-07-07T15:44:14.242+0000] {logging_mixin.py:149} INFO - [2023-07-07T15:44:14.242+0000] {dag.py:3490} INFO - Setting next_dagrun for stock_etf_data_pipeline to None, run_after=None
[2023-07-07T15:44:14.340+0000] {processor.py:179} INFO - Processing /opt/airflow/dags/main.py took 5.615 seconds
[2023-07-07T15:44:46.274+0000] {processor.py:157} INFO - Started process (PID=477) to work on /opt/airflow/dags/main.py
[2023-07-07T15:44:46.370+0000] {processor.py:826} INFO - Processing file /opt/airflow/dags/main.py for tasks to queue
[2023-07-07T15:44:46.386+0000] {logging_mixin.py:149} INFO - [2023-07-07T15:44:46.385+0000] {dagbag.py:541} INFO - Filling up the DagBag from /opt/airflow/dags/main.py
[2023-07-07T15:44:48.119+0000] {processor.py:836} INFO - DAG(s) dict_keys(['stock_etf_data_pipeline']) retrieved from /opt/airflow/dags/main.py
[2023-07-07T15:44:48.641+0000] {logging_mixin.py:149} INFO - [2023-07-07T15:44:48.640+0000] {dag.py:2726} INFO - Sync 1 DAGs
[2023-07-07T15:44:49.284+0000] {logging_mixin.py:149} INFO - [2023-07-07T15:44:49.284+0000] {dag.py:3490} INFO - Setting next_dagrun for stock_etf_data_pipeline to None, run_after=None
[2023-07-07T15:44:49.599+0000] {processor.py:179} INFO - Processing /opt/airflow/dags/main.py took 3.506 seconds
[2023-07-07T15:45:20.640+0000] {processor.py:157} INFO - Started process (PID=491) to work on /opt/airflow/dags/main.py
[2023-07-07T15:45:20.655+0000] {processor.py:826} INFO - Processing file /opt/airflow/dags/main.py for tasks to queue
[2023-07-07T15:45:20.661+0000] {logging_mixin.py:149} INFO - [2023-07-07T15:45:20.660+0000] {dagbag.py:541} INFO - Filling up the DagBag from /opt/airflow/dags/main.py
[2023-07-07T15:45:24.745+0000] {processor.py:836} INFO - DAG(s) dict_keys(['stock_etf_data_pipeline']) retrieved from /opt/airflow/dags/main.py
[2023-07-07T15:45:26.596+0000] {logging_mixin.py:149} INFO - [2023-07-07T15:45:26.595+0000] {dag.py:2726} INFO - Sync 1 DAGs
[2023-07-07T15:45:27.296+0000] {logging_mixin.py:149} INFO - [2023-07-07T15:45:27.296+0000] {dag.py:3490} INFO - Setting next_dagrun for stock_etf_data_pipeline to None, run_after=None
[2023-07-07T15:45:27.878+0000] {processor.py:179} INFO - Processing /opt/airflow/dags/main.py took 7.247 seconds
[2023-07-07T15:46:00.095+0000] {processor.py:157} INFO - Started process (PID=506) to work on /opt/airflow/dags/main.py
[2023-07-07T15:46:00.245+0000] {processor.py:826} INFO - Processing file /opt/airflow/dags/main.py for tasks to queue
[2023-07-07T15:46:00.298+0000] {logging_mixin.py:149} INFO - [2023-07-07T15:46:00.297+0000] {dagbag.py:541} INFO - Filling up the DagBag from /opt/airflow/dags/main.py
[2023-07-07T15:46:03.266+0000] {processor.py:836} INFO - DAG(s) dict_keys(['stock_etf_data_pipeline']) retrieved from /opt/airflow/dags/main.py
[2023-07-07T15:46:04.843+0000] {logging_mixin.py:149} INFO - [2023-07-07T15:46:04.841+0000] {dag.py:2726} INFO - Sync 1 DAGs
[2023-07-07T15:46:05.369+0000] {logging_mixin.py:149} INFO - [2023-07-07T15:46:05.368+0000] {dag.py:3490} INFO - Setting next_dagrun for stock_etf_data_pipeline to None, run_after=None
[2023-07-07T15:46:05.656+0000] {processor.py:179} INFO - Processing /opt/airflow/dags/main.py took 5.582 seconds
[2023-07-07T15:46:38.380+0000] {processor.py:157} INFO - Started process (PID=519) to work on /opt/airflow/dags/main.py
[2023-07-07T15:46:38.393+0000] {processor.py:826} INFO - Processing file /opt/airflow/dags/main.py for tasks to queue
[2023-07-07T15:46:38.396+0000] {logging_mixin.py:149} INFO - [2023-07-07T15:46:38.396+0000] {dagbag.py:541} INFO - Filling up the DagBag from /opt/airflow/dags/main.py
[2023-07-07T15:46:41.962+0000] {processor.py:836} INFO - DAG(s) dict_keys(['stock_etf_data_pipeline']) retrieved from /opt/airflow/dags/main.py
[2023-07-07T15:46:49.311+0000] {logging_mixin.py:149} INFO - [2023-07-07T15:46:49.309+0000] {dag.py:2726} INFO - Sync 1 DAGs
[2023-07-07T15:46:50.109+0000] {logging_mixin.py:149} INFO - [2023-07-07T15:46:50.109+0000] {dag.py:3490} INFO - Setting next_dagrun for stock_etf_data_pipeline to None, run_after=None
[2023-07-07T15:47:11.273+0000] {processor.py:179} INFO - Processing /opt/airflow/dags/main.py took 32.863 seconds
[2023-07-07T15:48:00.555+0000] {processor.py:157} INFO - Started process (PID=532) to work on /opt/airflow/dags/main.py
[2023-07-07T15:48:00.592+0000] {processor.py:826} INFO - Processing file /opt/airflow/dags/main.py for tasks to queue
[2023-07-07T15:48:00.658+0000] {logging_mixin.py:149} INFO - [2023-07-07T15:48:00.657+0000] {dagbag.py:541} INFO - Filling up the DagBag from /opt/airflow/dags/main.py
[2023-07-07T15:48:06.158+0000] {processor.py:836} INFO - DAG(s) dict_keys(['stock_etf_data_pipeline']) retrieved from /opt/airflow/dags/main.py
[2023-07-07T15:48:06.497+0000] {logging_mixin.py:149} INFO - [2023-07-07T15:48:06.496+0000] {dag.py:2726} INFO - Sync 1 DAGs
[2023-07-07T15:48:06.634+0000] {logging_mixin.py:149} INFO - [2023-07-07T15:48:06.633+0000] {dag.py:3490} INFO - Setting next_dagrun for stock_etf_data_pipeline to None, run_after=None
[2023-07-07T15:48:06.726+0000] {processor.py:179} INFO - Processing /opt/airflow/dags/main.py took 6.220 seconds
[2023-07-07T15:48:37.649+0000] {processor.py:157} INFO - Started process (PID=554) to work on /opt/airflow/dags/main.py
[2023-07-07T15:48:37.665+0000] {processor.py:826} INFO - Processing file /opt/airflow/dags/main.py for tasks to queue
[2023-07-07T15:48:37.678+0000] {logging_mixin.py:149} INFO - [2023-07-07T15:48:37.675+0000] {dagbag.py:541} INFO - Filling up the DagBag from /opt/airflow/dags/main.py
[2023-07-07T15:48:38.048+0000] {processor.py:836} INFO - DAG(s) dict_keys(['stock_etf_data_pipeline']) retrieved from /opt/airflow/dags/main.py
[2023-07-07T15:48:38.167+0000] {logging_mixin.py:149} INFO - [2023-07-07T15:48:38.166+0000] {dag.py:2726} INFO - Sync 1 DAGs
[2023-07-07T15:48:38.292+0000] {logging_mixin.py:149} INFO - [2023-07-07T15:48:38.292+0000] {dag.py:3490} INFO - Setting next_dagrun for stock_etf_data_pipeline to None, run_after=None
[2023-07-07T15:48:38.378+0000] {processor.py:179} INFO - Processing /opt/airflow/dags/main.py took 0.756 seconds
[2023-07-07T15:49:08.601+0000] {processor.py:157} INFO - Started process (PID=568) to work on /opt/airflow/dags/main.py
[2023-07-07T15:49:08.604+0000] {processor.py:826} INFO - Processing file /opt/airflow/dags/main.py for tasks to queue
[2023-07-07T15:49:08.609+0000] {logging_mixin.py:149} INFO - [2023-07-07T15:49:08.608+0000] {dagbag.py:541} INFO - Filling up the DagBag from /opt/airflow/dags/main.py
[2023-07-07T15:49:08.854+0000] {processor.py:836} INFO - DAG(s) dict_keys(['stock_etf_data_pipeline']) retrieved from /opt/airflow/dags/main.py
[2023-07-07T15:49:08.937+0000] {logging_mixin.py:149} INFO - [2023-07-07T15:49:08.937+0000] {dag.py:2726} INFO - Sync 1 DAGs
[2023-07-07T15:49:09.004+0000] {logging_mixin.py:149} INFO - [2023-07-07T15:49:09.004+0000] {dag.py:3490} INFO - Setting next_dagrun for stock_etf_data_pipeline to None, run_after=None
[2023-07-07T15:49:09.053+0000] {processor.py:179} INFO - Processing /opt/airflow/dags/main.py took 0.467 seconds
[2023-07-07T15:49:39.931+0000] {processor.py:157} INFO - Started process (PID=583) to work on /opt/airflow/dags/main.py
[2023-07-07T15:49:39.938+0000] {processor.py:826} INFO - Processing file /opt/airflow/dags/main.py for tasks to queue
[2023-07-07T15:49:39.945+0000] {logging_mixin.py:149} INFO - [2023-07-07T15:49:39.944+0000] {dagbag.py:541} INFO - Filling up the DagBag from /opt/airflow/dags/main.py
[2023-07-07T15:49:40.238+0000] {processor.py:836} INFO - DAG(s) dict_keys(['stock_etf_data_pipeline']) retrieved from /opt/airflow/dags/main.py
[2023-07-07T15:49:40.496+0000] {logging_mixin.py:149} INFO - [2023-07-07T15:49:40.496+0000] {dag.py:2726} INFO - Sync 1 DAGs
[2023-07-07T15:49:40.723+0000] {logging_mixin.py:149} INFO - [2023-07-07T15:49:40.723+0000] {dag.py:3490} INFO - Setting next_dagrun for stock_etf_data_pipeline to None, run_after=None
[2023-07-07T15:49:40.798+0000] {processor.py:179} INFO - Processing /opt/airflow/dags/main.py took 0.885 seconds
[2023-07-07T15:50:11.168+0000] {processor.py:157} INFO - Started process (PID=597) to work on /opt/airflow/dags/main.py
[2023-07-07T15:50:11.189+0000] {processor.py:826} INFO - Processing file /opt/airflow/dags/main.py for tasks to queue
[2023-07-07T15:50:11.191+0000] {logging_mixin.py:149} INFO - [2023-07-07T15:50:11.191+0000] {dagbag.py:541} INFO - Filling up the DagBag from /opt/airflow/dags/main.py
[2023-07-07T15:50:11.353+0000] {processor.py:836} INFO - DAG(s) dict_keys(['stock_etf_data_pipeline']) retrieved from /opt/airflow/dags/main.py
[2023-07-07T15:50:11.421+0000] {logging_mixin.py:149} INFO - [2023-07-07T15:50:11.421+0000] {dag.py:2726} INFO - Sync 1 DAGs
[2023-07-07T15:50:11.478+0000] {logging_mixin.py:149} INFO - [2023-07-07T15:50:11.477+0000] {dag.py:3490} INFO - Setting next_dagrun for stock_etf_data_pipeline to None, run_after=None
[2023-07-07T15:50:11.531+0000] {processor.py:179} INFO - Processing /opt/airflow/dags/main.py took 0.375 seconds
[2023-07-07T15:50:41.954+0000] {processor.py:157} INFO - Started process (PID=611) to work on /opt/airflow/dags/main.py
[2023-07-07T15:50:41.957+0000] {processor.py:826} INFO - Processing file /opt/airflow/dags/main.py for tasks to queue
[2023-07-07T15:50:41.960+0000] {logging_mixin.py:149} INFO - [2023-07-07T15:50:41.959+0000] {dagbag.py:541} INFO - Filling up the DagBag from /opt/airflow/dags/main.py
[2023-07-07T15:50:42.068+0000] {processor.py:836} INFO - DAG(s) dict_keys(['stock_etf_data_pipeline']) retrieved from /opt/airflow/dags/main.py
[2023-07-07T15:50:42.179+0000] {logging_mixin.py:149} INFO - [2023-07-07T15:50:42.178+0000] {dag.py:2726} INFO - Sync 1 DAGs
[2023-07-07T15:50:42.257+0000] {logging_mixin.py:149} INFO - [2023-07-07T15:50:42.257+0000] {dag.py:3490} INFO - Setting next_dagrun for stock_etf_data_pipeline to None, run_after=None
[2023-07-07T15:50:42.325+0000] {processor.py:179} INFO - Processing /opt/airflow/dags/main.py took 0.402 seconds
[2023-07-07T15:51:13.538+0000] {processor.py:157} INFO - Started process (PID=625) to work on /opt/airflow/dags/main.py
[2023-07-07T15:51:13.552+0000] {processor.py:826} INFO - Processing file /opt/airflow/dags/main.py for tasks to queue
[2023-07-07T15:51:13.563+0000] {logging_mixin.py:149} INFO - [2023-07-07T15:51:13.562+0000] {dagbag.py:541} INFO - Filling up the DagBag from /opt/airflow/dags/main.py
[2023-07-07T15:51:14.290+0000] {processor.py:836} INFO - DAG(s) dict_keys(['stock_etf_data_pipeline']) retrieved from /opt/airflow/dags/main.py
[2023-07-07T15:51:14.623+0000] {logging_mixin.py:149} INFO - [2023-07-07T15:51:14.621+0000] {dag.py:2726} INFO - Sync 1 DAGs
[2023-07-07T15:51:14.810+0000] {logging_mixin.py:149} INFO - [2023-07-07T15:51:14.809+0000] {dag.py:3490} INFO - Setting next_dagrun for stock_etf_data_pipeline to None, run_after=None
[2023-07-07T15:51:14.891+0000] {processor.py:179} INFO - Processing /opt/airflow/dags/main.py took 1.510 seconds
[2023-07-07T15:51:49.262+0000] {processor.py:157} INFO - Started process (PID=639) to work on /opt/airflow/dags/main.py
[2023-07-07T15:51:49.319+0000] {processor.py:826} INFO - Processing file /opt/airflow/dags/main.py for tasks to queue
[2023-07-07T15:51:49.611+0000] {logging_mixin.py:149} INFO - [2023-07-07T15:51:49.608+0000] {dagbag.py:541} INFO - Filling up the DagBag from /opt/airflow/dags/main.py
[2023-07-07T15:51:50.384+0000] {processor.py:836} INFO - DAG(s) dict_keys(['stock_etf_data_pipeline']) retrieved from /opt/airflow/dags/main.py
[2023-07-07T15:51:50.539+0000] {logging_mixin.py:149} INFO - [2023-07-07T15:51:50.538+0000] {dag.py:2726} INFO - Sync 1 DAGs
[2023-07-07T15:51:50.653+0000] {logging_mixin.py:149} INFO - [2023-07-07T15:51:50.653+0000] {dag.py:3490} INFO - Setting next_dagrun for stock_etf_data_pipeline to None, run_after=None
[2023-07-07T15:51:50.730+0000] {processor.py:179} INFO - Processing /opt/airflow/dags/main.py took 1.895 seconds
[2023-07-07T15:52:21.195+0000] {processor.py:157} INFO - Started process (PID=653) to work on /opt/airflow/dags/main.py
[2023-07-07T15:52:21.202+0000] {processor.py:826} INFO - Processing file /opt/airflow/dags/main.py for tasks to queue
[2023-07-07T15:52:21.206+0000] {logging_mixin.py:149} INFO - [2023-07-07T15:52:21.205+0000] {dagbag.py:541} INFO - Filling up the DagBag from /opt/airflow/dags/main.py
[2023-07-07T15:52:21.643+0000] {processor.py:836} INFO - DAG(s) dict_keys(['stock_etf_data_pipeline']) retrieved from /opt/airflow/dags/main.py
[2023-07-07T15:52:21.823+0000] {logging_mixin.py:149} INFO - [2023-07-07T15:52:21.823+0000] {dag.py:2726} INFO - Sync 1 DAGs
[2023-07-07T15:52:21.877+0000] {logging_mixin.py:149} INFO - [2023-07-07T15:52:21.877+0000] {dag.py:3490} INFO - Setting next_dagrun for stock_etf_data_pipeline to None, run_after=None
[2023-07-07T15:52:21.944+0000] {processor.py:179} INFO - Processing /opt/airflow/dags/main.py took 0.759 seconds
[2023-07-07T15:52:52.762+0000] {processor.py:157} INFO - Started process (PID=667) to work on /opt/airflow/dags/main.py
[2023-07-07T15:52:52.801+0000] {processor.py:826} INFO - Processing file /opt/airflow/dags/main.py for tasks to queue
[2023-07-07T15:52:52.813+0000] {logging_mixin.py:149} INFO - [2023-07-07T15:52:52.811+0000] {dagbag.py:541} INFO - Filling up the DagBag from /opt/airflow/dags/main.py
[2023-07-07T15:52:53.945+0000] {processor.py:836} INFO - DAG(s) dict_keys(['stock_etf_data_pipeline']) retrieved from /opt/airflow/dags/main.py
[2023-07-07T15:52:54.215+0000] {logging_mixin.py:149} INFO - [2023-07-07T15:52:54.215+0000] {dag.py:2726} INFO - Sync 1 DAGs
[2023-07-07T15:52:54.294+0000] {logging_mixin.py:149} INFO - [2023-07-07T15:52:54.294+0000] {dag.py:3490} INFO - Setting next_dagrun for stock_etf_data_pipeline to None, run_after=None
[2023-07-07T15:52:54.403+0000] {processor.py:179} INFO - Processing /opt/airflow/dags/main.py took 1.663 seconds
[2023-07-07T15:53:25.228+0000] {processor.py:157} INFO - Started process (PID=681) to work on /opt/airflow/dags/main.py
[2023-07-07T15:53:25.253+0000] {processor.py:826} INFO - Processing file /opt/airflow/dags/main.py for tasks to queue
[2023-07-07T15:53:25.264+0000] {logging_mixin.py:149} INFO - [2023-07-07T15:53:25.263+0000] {dagbag.py:541} INFO - Filling up the DagBag from /opt/airflow/dags/main.py
[2023-07-07T15:53:25.567+0000] {processor.py:836} INFO - DAG(s) dict_keys(['stock_etf_data_pipeline']) retrieved from /opt/airflow/dags/main.py
[2023-07-07T15:53:25.688+0000] {logging_mixin.py:149} INFO - [2023-07-07T15:53:25.687+0000] {dag.py:2726} INFO - Sync 1 DAGs
[2023-07-07T15:53:26.130+0000] {logging_mixin.py:149} INFO - [2023-07-07T15:53:26.129+0000] {dag.py:3490} INFO - Setting next_dagrun for stock_etf_data_pipeline to None, run_after=None
[2023-07-07T15:53:26.385+0000] {processor.py:179} INFO - Processing /opt/airflow/dags/main.py took 1.176 seconds
[2023-07-07T15:53:58.220+0000] {processor.py:157} INFO - Started process (PID=695) to work on /opt/airflow/dags/main.py
[2023-07-07T15:53:58.259+0000] {processor.py:826} INFO - Processing file /opt/airflow/dags/main.py for tasks to queue
[2023-07-07T15:53:58.268+0000] {logging_mixin.py:149} INFO - [2023-07-07T15:53:58.267+0000] {dagbag.py:541} INFO - Filling up the DagBag from /opt/airflow/dags/main.py
[2023-07-07T15:53:58.606+0000] {processor.py:836} INFO - DAG(s) dict_keys(['stock_etf_data_pipeline']) retrieved from /opt/airflow/dags/main.py
[2023-07-07T15:53:58.739+0000] {logging_mixin.py:149} INFO - [2023-07-07T15:53:58.738+0000] {dag.py:2726} INFO - Sync 1 DAGs
[2023-07-07T15:53:58.829+0000] {logging_mixin.py:149} INFO - [2023-07-07T15:53:58.828+0000] {dag.py:3490} INFO - Setting next_dagrun for stock_etf_data_pipeline to None, run_after=None
[2023-07-07T15:53:59.061+0000] {processor.py:179} INFO - Processing /opt/airflow/dags/main.py took 0.868 seconds
[2023-07-07T15:54:30.628+0000] {processor.py:157} INFO - Started process (PID=709) to work on /opt/airflow/dags/main.py
[2023-07-07T15:54:30.654+0000] {processor.py:826} INFO - Processing file /opt/airflow/dags/main.py for tasks to queue
[2023-07-07T15:54:30.668+0000] {logging_mixin.py:149} INFO - [2023-07-07T15:54:30.667+0000] {dagbag.py:541} INFO - Filling up the DagBag from /opt/airflow/dags/main.py
[2023-07-07T15:54:31.036+0000] {processor.py:836} INFO - DAG(s) dict_keys(['stock_etf_data_pipeline']) retrieved from /opt/airflow/dags/main.py
[2023-07-07T15:54:31.223+0000] {logging_mixin.py:149} INFO - [2023-07-07T15:54:31.222+0000] {dag.py:2726} INFO - Sync 1 DAGs
[2023-07-07T15:54:31.319+0000] {logging_mixin.py:149} INFO - [2023-07-07T15:54:31.319+0000] {dag.py:3490} INFO - Setting next_dagrun for stock_etf_data_pipeline to None, run_after=None
[2023-07-07T15:54:31.397+0000] {processor.py:179} INFO - Processing /opt/airflow/dags/main.py took 0.804 seconds
[2023-07-07T15:55:02.144+0000] {processor.py:157} INFO - Started process (PID=723) to work on /opt/airflow/dags/main.py
[2023-07-07T15:55:02.200+0000] {processor.py:826} INFO - Processing file /opt/airflow/dags/main.py for tasks to queue
[2023-07-07T15:55:02.204+0000] {logging_mixin.py:149} INFO - [2023-07-07T15:55:02.204+0000] {dagbag.py:541} INFO - Filling up the DagBag from /opt/airflow/dags/main.py
[2023-07-07T15:55:02.911+0000] {processor.py:836} INFO - DAG(s) dict_keys(['stock_etf_data_pipeline']) retrieved from /opt/airflow/dags/main.py
[2023-07-07T15:55:03.305+0000] {logging_mixin.py:149} INFO - [2023-07-07T15:55:03.304+0000] {dag.py:2726} INFO - Sync 1 DAGs
[2023-07-07T15:55:03.655+0000] {logging_mixin.py:149} INFO - [2023-07-07T15:55:03.649+0000] {dag.py:3490} INFO - Setting next_dagrun for stock_etf_data_pipeline to None, run_after=None
[2023-07-07T15:55:04.292+0000] {processor.py:179} INFO - Processing /opt/airflow/dags/main.py took 2.172 seconds
[2023-07-07T15:55:35.851+0000] {processor.py:157} INFO - Started process (PID=737) to work on /opt/airflow/dags/main.py
[2023-07-07T15:55:35.862+0000] {processor.py:826} INFO - Processing file /opt/airflow/dags/main.py for tasks to queue
[2023-07-07T15:55:35.875+0000] {logging_mixin.py:149} INFO - [2023-07-07T15:55:35.873+0000] {dagbag.py:541} INFO - Filling up the DagBag from /opt/airflow/dags/main.py
[2023-07-07T15:55:37.044+0000] {processor.py:836} INFO - DAG(s) dict_keys(['stock_etf_data_pipeline']) retrieved from /opt/airflow/dags/main.py
[2023-07-07T15:55:37.629+0000] {logging_mixin.py:149} INFO - [2023-07-07T15:55:37.629+0000] {dag.py:2726} INFO - Sync 1 DAGs
[2023-07-07T15:55:38.177+0000] {logging_mixin.py:149} INFO - [2023-07-07T15:55:38.176+0000] {dag.py:3490} INFO - Setting next_dagrun for stock_etf_data_pipeline to None, run_after=None
[2023-07-07T15:55:38.259+0000] {processor.py:179} INFO - Processing /opt/airflow/dags/main.py took 2.440 seconds
[2023-07-07T15:56:09.391+0000] {processor.py:157} INFO - Started process (PID=751) to work on /opt/airflow/dags/main.py
[2023-07-07T15:56:09.399+0000] {processor.py:826} INFO - Processing file /opt/airflow/dags/main.py for tasks to queue
[2023-07-07T15:56:09.415+0000] {logging_mixin.py:149} INFO - [2023-07-07T15:56:09.414+0000] {dagbag.py:541} INFO - Filling up the DagBag from /opt/airflow/dags/main.py
[2023-07-07T15:56:10.829+0000] {processor.py:836} INFO - DAG(s) dict_keys(['stock_etf_data_pipeline']) retrieved from /opt/airflow/dags/main.py
[2023-07-07T15:56:11.182+0000] {logging_mixin.py:149} INFO - [2023-07-07T15:56:11.182+0000] {dag.py:2726} INFO - Sync 1 DAGs
[2023-07-07T15:56:11.447+0000] {logging_mixin.py:149} INFO - [2023-07-07T15:56:11.447+0000] {dag.py:3490} INFO - Setting next_dagrun for stock_etf_data_pipeline to None, run_after=None
[2023-07-07T15:56:11.562+0000] {processor.py:179} INFO - Processing /opt/airflow/dags/main.py took 2.236 seconds
[2023-07-07T15:56:46.778+0000] {processor.py:157} INFO - Started process (PID=765) to work on /opt/airflow/dags/main.py
[2023-07-07T15:56:46.802+0000] {processor.py:826} INFO - Processing file /opt/airflow/dags/main.py for tasks to queue
[2023-07-07T15:56:46.828+0000] {logging_mixin.py:149} INFO - [2023-07-07T15:56:46.826+0000] {dagbag.py:541} INFO - Filling up the DagBag from /opt/airflow/dags/main.py
[2023-07-07T15:56:47.887+0000] {processor.py:836} INFO - DAG(s) dict_keys(['stock_etf_data_pipeline']) retrieved from /opt/airflow/dags/main.py
[2023-07-07T15:56:48.259+0000] {logging_mixin.py:149} INFO - [2023-07-07T15:56:48.259+0000] {dag.py:2726} INFO - Sync 1 DAGs
[2023-07-07T15:56:48.559+0000] {logging_mixin.py:149} INFO - [2023-07-07T15:56:48.559+0000] {dag.py:3490} INFO - Setting next_dagrun for stock_etf_data_pipeline to None, run_after=None
[2023-07-07T15:56:48.681+0000] {processor.py:179} INFO - Processing /opt/airflow/dags/main.py took 2.088 seconds
[2023-07-07T15:57:19.698+0000] {processor.py:157} INFO - Started process (PID=778) to work on /opt/airflow/dags/main.py
[2023-07-07T15:57:19.703+0000] {processor.py:826} INFO - Processing file /opt/airflow/dags/main.py for tasks to queue
[2023-07-07T15:57:19.706+0000] {logging_mixin.py:149} INFO - [2023-07-07T15:57:19.706+0000] {dagbag.py:541} INFO - Filling up the DagBag from /opt/airflow/dags/main.py
[2023-07-07T15:57:19.982+0000] {processor.py:836} INFO - DAG(s) dict_keys(['stock_etf_data_pipeline']) retrieved from /opt/airflow/dags/main.py
[2023-07-07T15:57:20.132+0000] {logging_mixin.py:149} INFO - [2023-07-07T15:57:20.132+0000] {dag.py:2726} INFO - Sync 1 DAGs
[2023-07-07T15:57:20.227+0000] {logging_mixin.py:149} INFO - [2023-07-07T15:57:20.227+0000] {dag.py:3490} INFO - Setting next_dagrun for stock_etf_data_pipeline to None, run_after=None
[2023-07-07T15:57:20.302+0000] {processor.py:179} INFO - Processing /opt/airflow/dags/main.py took 0.620 seconds
[2023-07-07T15:57:50.905+0000] {processor.py:157} INFO - Started process (PID=792) to work on /opt/airflow/dags/main.py
[2023-07-07T15:57:50.912+0000] {processor.py:826} INFO - Processing file /opt/airflow/dags/main.py for tasks to queue
[2023-07-07T15:57:50.916+0000] {logging_mixin.py:149} INFO - [2023-07-07T15:57:50.915+0000] {dagbag.py:541} INFO - Filling up the DagBag from /opt/airflow/dags/main.py
[2023-07-07T15:57:51.213+0000] {processor.py:836} INFO - DAG(s) dict_keys(['stock_etf_data_pipeline']) retrieved from /opt/airflow/dags/main.py
[2023-07-07T15:57:51.404+0000] {logging_mixin.py:149} INFO - [2023-07-07T15:57:51.404+0000] {dag.py:2726} INFO - Sync 1 DAGs
[2023-07-07T15:57:51.496+0000] {logging_mixin.py:149} INFO - [2023-07-07T15:57:51.496+0000] {dag.py:3490} INFO - Setting next_dagrun for stock_etf_data_pipeline to None, run_after=None
[2023-07-07T15:57:51.580+0000] {processor.py:179} INFO - Processing /opt/airflow/dags/main.py took 0.685 seconds
[2023-07-07T15:58:22.507+0000] {processor.py:157} INFO - Started process (PID=806) to work on /opt/airflow/dags/main.py
[2023-07-07T15:58:22.517+0000] {processor.py:826} INFO - Processing file /opt/airflow/dags/main.py for tasks to queue
[2023-07-07T15:58:22.521+0000] {logging_mixin.py:149} INFO - [2023-07-07T15:58:22.520+0000] {dagbag.py:541} INFO - Filling up the DagBag from /opt/airflow/dags/main.py
[2023-07-07T15:58:22.710+0000] {processor.py:836} INFO - DAG(s) dict_keys(['stock_etf_data_pipeline']) retrieved from /opt/airflow/dags/main.py
[2023-07-07T15:58:22.816+0000] {logging_mixin.py:149} INFO - [2023-07-07T15:58:22.816+0000] {dag.py:2726} INFO - Sync 1 DAGs
[2023-07-07T15:58:22.906+0000] {logging_mixin.py:149} INFO - [2023-07-07T15:58:22.905+0000] {dag.py:3490} INFO - Setting next_dagrun for stock_etf_data_pipeline to None, run_after=None
[2023-07-07T15:58:22.984+0000] {processor.py:179} INFO - Processing /opt/airflow/dags/main.py took 0.487 seconds
[2023-07-07T15:58:53.161+0000] {processor.py:157} INFO - Started process (PID=820) to work on /opt/airflow/dags/main.py
[2023-07-07T15:58:53.167+0000] {processor.py:826} INFO - Processing file /opt/airflow/dags/main.py for tasks to queue
[2023-07-07T15:58:53.174+0000] {logging_mixin.py:149} INFO - [2023-07-07T15:58:53.174+0000] {dagbag.py:541} INFO - Filling up the DagBag from /opt/airflow/dags/main.py
[2023-07-07T15:58:53.432+0000] {processor.py:836} INFO - DAG(s) dict_keys(['stock_etf_data_pipeline']) retrieved from /opt/airflow/dags/main.py
[2023-07-07T15:58:53.650+0000] {logging_mixin.py:149} INFO - [2023-07-07T15:58:53.649+0000] {dag.py:2726} INFO - Sync 1 DAGs
[2023-07-07T15:58:53.763+0000] {logging_mixin.py:149} INFO - [2023-07-07T15:58:53.762+0000] {dag.py:3490} INFO - Setting next_dagrun for stock_etf_data_pipeline to None, run_after=None
[2023-07-07T15:58:53.921+0000] {processor.py:179} INFO - Processing /opt/airflow/dags/main.py took 0.775 seconds
[2023-07-07T15:59:24.671+0000] {processor.py:157} INFO - Started process (PID=834) to work on /opt/airflow/dags/main.py
[2023-07-07T15:59:24.696+0000] {processor.py:826} INFO - Processing file /opt/airflow/dags/main.py for tasks to queue
[2023-07-07T15:59:24.710+0000] {logging_mixin.py:149} INFO - [2023-07-07T15:59:24.710+0000] {dagbag.py:541} INFO - Filling up the DagBag from /opt/airflow/dags/main.py
[2023-07-07T15:59:25.005+0000] {processor.py:836} INFO - DAG(s) dict_keys(['stock_etf_data_pipeline']) retrieved from /opt/airflow/dags/main.py
[2023-07-07T15:59:25.175+0000] {logging_mixin.py:149} INFO - [2023-07-07T15:59:25.174+0000] {dag.py:2726} INFO - Sync 1 DAGs
[2023-07-07T15:59:25.277+0000] {logging_mixin.py:149} INFO - [2023-07-07T15:59:25.277+0000] {dag.py:3490} INFO - Setting next_dagrun for stock_etf_data_pipeline to None, run_after=None
[2023-07-07T15:59:25.335+0000] {processor.py:179} INFO - Processing /opt/airflow/dags/main.py took 0.676 seconds
[2023-07-07T15:59:56.140+0000] {processor.py:157} INFO - Started process (PID=854) to work on /opt/airflow/dags/main.py
[2023-07-07T15:59:56.148+0000] {processor.py:826} INFO - Processing file /opt/airflow/dags/main.py for tasks to queue
[2023-07-07T15:59:56.155+0000] {logging_mixin.py:149} INFO - [2023-07-07T15:59:56.154+0000] {dagbag.py:541} INFO - Filling up the DagBag from /opt/airflow/dags/main.py
[2023-07-07T15:59:56.523+0000] {processor.py:836} INFO - DAG(s) dict_keys(['stock_etf_data_pipeline']) retrieved from /opt/airflow/dags/main.py
[2023-07-07T15:59:56.703+0000] {logging_mixin.py:149} INFO - [2023-07-07T15:59:56.699+0000] {dag.py:2726} INFO - Sync 1 DAGs
[2023-07-07T15:59:56.897+0000] {logging_mixin.py:149} INFO - [2023-07-07T15:59:56.896+0000] {dag.py:3490} INFO - Setting next_dagrun for stock_etf_data_pipeline to None, run_after=None
[2023-07-07T15:59:56.976+0000] {processor.py:179} INFO - Processing /opt/airflow/dags/main.py took 0.869 seconds
[2023-07-07T16:00:27.500+0000] {processor.py:157} INFO - Started process (PID=867) to work on /opt/airflow/dags/main.py
[2023-07-07T16:00:27.508+0000] {processor.py:826} INFO - Processing file /opt/airflow/dags/main.py for tasks to queue
[2023-07-07T16:00:27.513+0000] {logging_mixin.py:149} INFO - [2023-07-07T16:00:27.513+0000] {dagbag.py:541} INFO - Filling up the DagBag from /opt/airflow/dags/main.py
[2023-07-07T16:00:27.688+0000] {processor.py:836} INFO - DAG(s) dict_keys(['stock_etf_data_pipeline']) retrieved from /opt/airflow/dags/main.py
[2023-07-07T16:00:27.811+0000] {logging_mixin.py:149} INFO - [2023-07-07T16:00:27.811+0000] {dag.py:2726} INFO - Sync 1 DAGs
[2023-07-07T16:00:27.884+0000] {logging_mixin.py:149} INFO - [2023-07-07T16:00:27.884+0000] {dag.py:3490} INFO - Setting next_dagrun for stock_etf_data_pipeline to None, run_after=None
[2023-07-07T16:00:27.926+0000] {processor.py:179} INFO - Processing /opt/airflow/dags/main.py took 0.436 seconds
[2023-07-07T16:00:58.526+0000] {processor.py:157} INFO - Started process (PID=881) to work on /opt/airflow/dags/main.py
[2023-07-07T16:00:58.530+0000] {processor.py:826} INFO - Processing file /opt/airflow/dags/main.py for tasks to queue
[2023-07-07T16:00:58.537+0000] {logging_mixin.py:149} INFO - [2023-07-07T16:00:58.537+0000] {dagbag.py:541} INFO - Filling up the DagBag from /opt/airflow/dags/main.py
[2023-07-07T16:00:58.768+0000] {processor.py:836} INFO - DAG(s) dict_keys(['stock_etf_data_pipeline']) retrieved from /opt/airflow/dags/main.py
[2023-07-07T16:00:58.938+0000] {logging_mixin.py:149} INFO - [2023-07-07T16:00:58.937+0000] {dag.py:2726} INFO - Sync 1 DAGs
[2023-07-07T16:00:59.079+0000] {logging_mixin.py:149} INFO - [2023-07-07T16:00:59.079+0000] {dag.py:3490} INFO - Setting next_dagrun for stock_etf_data_pipeline to None, run_after=None
[2023-07-07T16:00:59.199+0000] {processor.py:179} INFO - Processing /opt/airflow/dags/main.py took 0.689 seconds
[2023-07-07T16:01:29.828+0000] {processor.py:157} INFO - Started process (PID=895) to work on /opt/airflow/dags/main.py
[2023-07-07T16:01:29.833+0000] {processor.py:826} INFO - Processing file /opt/airflow/dags/main.py for tasks to queue
[2023-07-07T16:01:29.836+0000] {logging_mixin.py:149} INFO - [2023-07-07T16:01:29.836+0000] {dagbag.py:541} INFO - Filling up the DagBag from /opt/airflow/dags/main.py
[2023-07-07T16:01:29.957+0000] {processor.py:836} INFO - DAG(s) dict_keys(['stock_etf_data_pipeline']) retrieved from /opt/airflow/dags/main.py
[2023-07-07T16:01:30.033+0000] {logging_mixin.py:149} INFO - [2023-07-07T16:01:30.033+0000] {dag.py:2726} INFO - Sync 1 DAGs
[2023-07-07T16:01:30.127+0000] {logging_mixin.py:149} INFO - [2023-07-07T16:01:30.127+0000] {dag.py:3490} INFO - Setting next_dagrun for stock_etf_data_pipeline to None, run_after=None
[2023-07-07T16:01:30.182+0000] {processor.py:179} INFO - Processing /opt/airflow/dags/main.py took 0.361 seconds
[2023-07-07T16:02:00.319+0000] {processor.py:157} INFO - Started process (PID=909) to work on /opt/airflow/dags/main.py
[2023-07-07T16:02:00.330+0000] {processor.py:826} INFO - Processing file /opt/airflow/dags/main.py for tasks to queue
[2023-07-07T16:02:00.335+0000] {logging_mixin.py:149} INFO - [2023-07-07T16:02:00.334+0000] {dagbag.py:541} INFO - Filling up the DagBag from /opt/airflow/dags/main.py
[2023-07-07T16:02:00.527+0000] {processor.py:836} INFO - DAG(s) dict_keys(['stock_etf_data_pipeline']) retrieved from /opt/airflow/dags/main.py
[2023-07-07T16:02:00.659+0000] {logging_mixin.py:149} INFO - [2023-07-07T16:02:00.659+0000] {dag.py:2726} INFO - Sync 1 DAGs
[2023-07-07T16:02:00.754+0000] {logging_mixin.py:149} INFO - [2023-07-07T16:02:00.754+0000] {dag.py:3490} INFO - Setting next_dagrun for stock_etf_data_pipeline to None, run_after=None
[2023-07-07T16:02:00.814+0000] {processor.py:179} INFO - Processing /opt/airflow/dags/main.py took 0.516 seconds
[2023-07-07T16:02:31.299+0000] {processor.py:157} INFO - Started process (PID=922) to work on /opt/airflow/dags/main.py
[2023-07-07T16:02:31.309+0000] {processor.py:826} INFO - Processing file /opt/airflow/dags/main.py for tasks to queue
[2023-07-07T16:02:31.328+0000] {logging_mixin.py:149} INFO - [2023-07-07T16:02:31.320+0000] {dagbag.py:541} INFO - Filling up the DagBag from /opt/airflow/dags/main.py
[2023-07-07T16:02:31.613+0000] {processor.py:836} INFO - DAG(s) dict_keys(['stock_etf_data_pipeline']) retrieved from /opt/airflow/dags/main.py
[2023-07-07T16:02:31.750+0000] {logging_mixin.py:149} INFO - [2023-07-07T16:02:31.750+0000] {dag.py:2726} INFO - Sync 1 DAGs
[2023-07-07T16:02:31.887+0000] {logging_mixin.py:149} INFO - [2023-07-07T16:02:31.886+0000] {dag.py:3490} INFO - Setting next_dagrun for stock_etf_data_pipeline to None, run_after=None
[2023-07-07T16:02:32.059+0000] {processor.py:179} INFO - Processing /opt/airflow/dags/main.py took 0.782 seconds
[2023-07-07T16:03:02.794+0000] {processor.py:157} INFO - Started process (PID=935) to work on /opt/airflow/dags/main.py
[2023-07-07T16:03:02.814+0000] {processor.py:826} INFO - Processing file /opt/airflow/dags/main.py for tasks to queue
[2023-07-07T16:03:02.827+0000] {logging_mixin.py:149} INFO - [2023-07-07T16:03:02.826+0000] {dagbag.py:541} INFO - Filling up the DagBag from /opt/airflow/dags/main.py
[2023-07-07T16:03:03.207+0000] {processor.py:836} INFO - DAG(s) dict_keys(['stock_etf_data_pipeline']) retrieved from /opt/airflow/dags/main.py
[2023-07-07T16:03:03.443+0000] {logging_mixin.py:149} INFO - [2023-07-07T16:03:03.443+0000] {dag.py:2726} INFO - Sync 1 DAGs
[2023-07-07T16:03:03.651+0000] {logging_mixin.py:149} INFO - [2023-07-07T16:03:03.650+0000] {dag.py:3490} INFO - Setting next_dagrun for stock_etf_data_pipeline to None, run_after=None
[2023-07-07T16:03:03.798+0000] {processor.py:179} INFO - Processing /opt/airflow/dags/main.py took 1.040 seconds
[2023-07-07T16:03:34.632+0000] {processor.py:157} INFO - Started process (PID=948) to work on /opt/airflow/dags/main.py
[2023-07-07T16:03:34.640+0000] {processor.py:826} INFO - Processing file /opt/airflow/dags/main.py for tasks to queue
[2023-07-07T16:03:34.644+0000] {logging_mixin.py:149} INFO - [2023-07-07T16:03:34.644+0000] {dagbag.py:541} INFO - Filling up the DagBag from /opt/airflow/dags/main.py
[2023-07-07T16:03:35.008+0000] {processor.py:836} INFO - DAG(s) dict_keys(['stock_etf_data_pipeline']) retrieved from /opt/airflow/dags/main.py
[2023-07-07T16:03:35.219+0000] {logging_mixin.py:149} INFO - [2023-07-07T16:03:35.217+0000] {dag.py:2726} INFO - Sync 1 DAGs
[2023-07-07T16:03:35.407+0000] {logging_mixin.py:149} INFO - [2023-07-07T16:03:35.407+0000] {dag.py:3490} INFO - Setting next_dagrun for stock_etf_data_pipeline to None, run_after=None
[2023-07-07T16:03:35.528+0000] {processor.py:179} INFO - Processing /opt/airflow/dags/main.py took 0.919 seconds
[2023-07-07T16:04:06.142+0000] {processor.py:157} INFO - Started process (PID=961) to work on /opt/airflow/dags/main.py
[2023-07-07T16:04:06.150+0000] {processor.py:826} INFO - Processing file /opt/airflow/dags/main.py for tasks to queue
[2023-07-07T16:04:06.158+0000] {logging_mixin.py:149} INFO - [2023-07-07T16:04:06.157+0000] {dagbag.py:541} INFO - Filling up the DagBag from /opt/airflow/dags/main.py
[2023-07-07T16:04:06.428+0000] {processor.py:836} INFO - DAG(s) dict_keys(['stock_etf_data_pipeline']) retrieved from /opt/airflow/dags/main.py
[2023-07-07T16:04:06.644+0000] {logging_mixin.py:149} INFO - [2023-07-07T16:04:06.643+0000] {dag.py:2726} INFO - Sync 1 DAGs
[2023-07-07T16:04:06.789+0000] {logging_mixin.py:149} INFO - [2023-07-07T16:04:06.788+0000] {dag.py:3490} INFO - Setting next_dagrun for stock_etf_data_pipeline to None, run_after=None
[2023-07-07T16:04:06.887+0000] {processor.py:179} INFO - Processing /opt/airflow/dags/main.py took 0.765 seconds
[2023-07-07T16:04:37.270+0000] {processor.py:157} INFO - Started process (PID=975) to work on /opt/airflow/dags/main.py
[2023-07-07T16:04:37.274+0000] {processor.py:826} INFO - Processing file /opt/airflow/dags/main.py for tasks to queue
[2023-07-07T16:04:37.277+0000] {logging_mixin.py:149} INFO - [2023-07-07T16:04:37.276+0000] {dagbag.py:541} INFO - Filling up the DagBag from /opt/airflow/dags/main.py
[2023-07-07T16:04:37.431+0000] {processor.py:836} INFO - DAG(s) dict_keys(['stock_etf_data_pipeline']) retrieved from /opt/airflow/dags/main.py
[2023-07-07T16:04:37.534+0000] {logging_mixin.py:149} INFO - [2023-07-07T16:04:37.533+0000] {dag.py:2726} INFO - Sync 1 DAGs
[2023-07-07T16:04:37.629+0000] {logging_mixin.py:149} INFO - [2023-07-07T16:04:37.629+0000] {dag.py:3490} INFO - Setting next_dagrun for stock_etf_data_pipeline to None, run_after=None
[2023-07-07T16:04:37.707+0000] {processor.py:179} INFO - Processing /opt/airflow/dags/main.py took 0.449 seconds
[2023-07-07T16:05:07.977+0000] {processor.py:157} INFO - Started process (PID=988) to work on /opt/airflow/dags/main.py
[2023-07-07T16:05:07.982+0000] {processor.py:826} INFO - Processing file /opt/airflow/dags/main.py for tasks to queue
[2023-07-07T16:05:07.993+0000] {logging_mixin.py:149} INFO - [2023-07-07T16:05:07.992+0000] {dagbag.py:541} INFO - Filling up the DagBag from /opt/airflow/dags/main.py
[2023-07-07T16:05:08.240+0000] {processor.py:836} INFO - DAG(s) dict_keys(['stock_etf_data_pipeline']) retrieved from /opt/airflow/dags/main.py
[2023-07-07T16:05:08.419+0000] {logging_mixin.py:149} INFO - [2023-07-07T16:05:08.418+0000] {dag.py:2726} INFO - Sync 1 DAGs
[2023-07-07T16:05:08.531+0000] {logging_mixin.py:149} INFO - [2023-07-07T16:05:08.531+0000] {dag.py:3490} INFO - Setting next_dagrun for stock_etf_data_pipeline to None, run_after=None
[2023-07-07T16:05:08.615+0000] {processor.py:179} INFO - Processing /opt/airflow/dags/main.py took 0.651 seconds
[2023-07-07T16:05:39.099+0000] {processor.py:157} INFO - Started process (PID=1002) to work on /opt/airflow/dags/main.py
[2023-07-07T16:05:39.108+0000] {processor.py:826} INFO - Processing file /opt/airflow/dags/main.py for tasks to queue
[2023-07-07T16:05:39.113+0000] {logging_mixin.py:149} INFO - [2023-07-07T16:05:39.113+0000] {dagbag.py:541} INFO - Filling up the DagBag from /opt/airflow/dags/main.py
[2023-07-07T16:05:39.360+0000] {processor.py:836} INFO - DAG(s) dict_keys(['stock_etf_data_pipeline']) retrieved from /opt/airflow/dags/main.py
[2023-07-07T16:05:39.513+0000] {logging_mixin.py:149} INFO - [2023-07-07T16:05:39.513+0000] {dag.py:2726} INFO - Sync 1 DAGs
[2023-07-07T16:05:39.657+0000] {logging_mixin.py:149} INFO - [2023-07-07T16:05:39.657+0000] {dag.py:3490} INFO - Setting next_dagrun for stock_etf_data_pipeline to None, run_after=None
[2023-07-07T16:05:39.774+0000] {processor.py:179} INFO - Processing /opt/airflow/dags/main.py took 0.691 seconds
[2023-07-07T16:06:10.349+0000] {processor.py:157} INFO - Started process (PID=1016) to work on /opt/airflow/dags/main.py
[2023-07-07T16:06:10.356+0000] {processor.py:826} INFO - Processing file /opt/airflow/dags/main.py for tasks to queue
[2023-07-07T16:06:10.365+0000] {logging_mixin.py:149} INFO - [2023-07-07T16:06:10.364+0000] {dagbag.py:541} INFO - Filling up the DagBag from /opt/airflow/dags/main.py
[2023-07-07T16:06:10.575+0000] {processor.py:836} INFO - DAG(s) dict_keys(['stock_etf_data_pipeline']) retrieved from /opt/airflow/dags/main.py
[2023-07-07T16:06:10.705+0000] {logging_mixin.py:149} INFO - [2023-07-07T16:06:10.704+0000] {dag.py:2726} INFO - Sync 1 DAGs
[2023-07-07T16:06:10.831+0000] {logging_mixin.py:149} INFO - [2023-07-07T16:06:10.831+0000] {dag.py:3490} INFO - Setting next_dagrun for stock_etf_data_pipeline to None, run_after=None
[2023-07-07T16:06:10.917+0000] {processor.py:179} INFO - Processing /opt/airflow/dags/main.py took 0.581 seconds
[2023-07-07T16:06:41.115+0000] {processor.py:157} INFO - Started process (PID=1030) to work on /opt/airflow/dags/main.py
[2023-07-07T16:06:41.120+0000] {processor.py:826} INFO - Processing file /opt/airflow/dags/main.py for tasks to queue
[2023-07-07T16:06:41.129+0000] {logging_mixin.py:149} INFO - [2023-07-07T16:06:41.128+0000] {dagbag.py:541} INFO - Filling up the DagBag from /opt/airflow/dags/main.py
[2023-07-07T16:06:41.298+0000] {processor.py:836} INFO - DAG(s) dict_keys(['stock_etf_data_pipeline']) retrieved from /opt/airflow/dags/main.py
[2023-07-07T16:06:41.430+0000] {logging_mixin.py:149} INFO - [2023-07-07T16:06:41.430+0000] {dag.py:2726} INFO - Sync 1 DAGs
[2023-07-07T16:06:41.514+0000] {logging_mixin.py:149} INFO - [2023-07-07T16:06:41.514+0000] {dag.py:3490} INFO - Setting next_dagrun for stock_etf_data_pipeline to None, run_after=None
[2023-07-07T16:06:41.594+0000] {processor.py:179} INFO - Processing /opt/airflow/dags/main.py took 0.491 seconds
[2023-07-07T16:07:11.721+0000] {processor.py:157} INFO - Started process (PID=1044) to work on /opt/airflow/dags/main.py
[2023-07-07T16:07:11.728+0000] {processor.py:826} INFO - Processing file /opt/airflow/dags/main.py for tasks to queue
[2023-07-07T16:07:11.732+0000] {logging_mixin.py:149} INFO - [2023-07-07T16:07:11.732+0000] {dagbag.py:541} INFO - Filling up the DagBag from /opt/airflow/dags/main.py
[2023-07-07T16:07:11.918+0000] {processor.py:836} INFO - DAG(s) dict_keys(['stock_etf_data_pipeline']) retrieved from /opt/airflow/dags/main.py
[2023-07-07T16:07:12.032+0000] {logging_mixin.py:149} INFO - [2023-07-07T16:07:12.032+0000] {dag.py:2726} INFO - Sync 1 DAGs
[2023-07-07T16:07:12.164+0000] {logging_mixin.py:149} INFO - [2023-07-07T16:07:12.163+0000] {dag.py:3490} INFO - Setting next_dagrun for stock_etf_data_pipeline to None, run_after=None
[2023-07-07T16:07:12.260+0000] {processor.py:179} INFO - Processing /opt/airflow/dags/main.py took 0.554 seconds
[2023-07-07T16:07:42.391+0000] {processor.py:157} INFO - Started process (PID=1057) to work on /opt/airflow/dags/main.py
[2023-07-07T16:07:42.400+0000] {processor.py:826} INFO - Processing file /opt/airflow/dags/main.py for tasks to queue
[2023-07-07T16:07:42.406+0000] {logging_mixin.py:149} INFO - [2023-07-07T16:07:42.404+0000] {dagbag.py:541} INFO - Filling up the DagBag from /opt/airflow/dags/main.py
[2023-07-07T16:07:42.618+0000] {processor.py:836} INFO - DAG(s) dict_keys(['stock_etf_data_pipeline']) retrieved from /opt/airflow/dags/main.py
[2023-07-07T16:07:42.822+0000] {logging_mixin.py:149} INFO - [2023-07-07T16:07:42.820+0000] {dag.py:2726} INFO - Sync 1 DAGs
[2023-07-07T16:07:42.991+0000] {logging_mixin.py:149} INFO - [2023-07-07T16:07:42.990+0000] {dag.py:3490} INFO - Setting next_dagrun for stock_etf_data_pipeline to None, run_after=None
[2023-07-07T16:07:43.098+0000] {processor.py:179} INFO - Processing /opt/airflow/dags/main.py took 0.721 seconds
[2023-07-07T16:08:13.700+0000] {processor.py:157} INFO - Started process (PID=1071) to work on /opt/airflow/dags/main.py
[2023-07-07T16:08:13.704+0000] {processor.py:826} INFO - Processing file /opt/airflow/dags/main.py for tasks to queue
[2023-07-07T16:08:13.708+0000] {logging_mixin.py:149} INFO - [2023-07-07T16:08:13.707+0000] {dagbag.py:541} INFO - Filling up the DagBag from /opt/airflow/dags/main.py
[2023-07-07T16:08:13.848+0000] {processor.py:836} INFO - DAG(s) dict_keys(['stock_etf_data_pipeline']) retrieved from /opt/airflow/dags/main.py
[2023-07-07T16:08:13.927+0000] {logging_mixin.py:149} INFO - [2023-07-07T16:08:13.926+0000] {dag.py:2726} INFO - Sync 1 DAGs
[2023-07-07T16:08:14.023+0000] {logging_mixin.py:149} INFO - [2023-07-07T16:08:14.022+0000] {dag.py:3490} INFO - Setting next_dagrun for stock_etf_data_pipeline to None, run_after=None
[2023-07-07T16:08:14.085+0000] {processor.py:179} INFO - Processing /opt/airflow/dags/main.py took 0.396 seconds
[2023-07-07T16:08:44.692+0000] {processor.py:157} INFO - Started process (PID=1084) to work on /opt/airflow/dags/main.py
[2023-07-07T16:08:44.698+0000] {processor.py:826} INFO - Processing file /opt/airflow/dags/main.py for tasks to queue
[2023-07-07T16:08:44.708+0000] {logging_mixin.py:149} INFO - [2023-07-07T16:08:44.708+0000] {dagbag.py:541} INFO - Filling up the DagBag from /opt/airflow/dags/main.py
[2023-07-07T16:08:44.931+0000] {processor.py:836} INFO - DAG(s) dict_keys(['stock_etf_data_pipeline']) retrieved from /opt/airflow/dags/main.py
[2023-07-07T16:08:45.076+0000] {logging_mixin.py:149} INFO - [2023-07-07T16:08:45.075+0000] {dag.py:2726} INFO - Sync 1 DAGs
[2023-07-07T16:08:45.164+0000] {logging_mixin.py:149} INFO - [2023-07-07T16:08:45.163+0000] {dag.py:3490} INFO - Setting next_dagrun for stock_etf_data_pipeline to None, run_after=None
[2023-07-07T16:08:45.246+0000] {processor.py:179} INFO - Processing /opt/airflow/dags/main.py took 0.565 seconds
[2023-07-07T16:09:15.757+0000] {processor.py:157} INFO - Started process (PID=1098) to work on /opt/airflow/dags/main.py
[2023-07-07T16:09:15.769+0000] {processor.py:826} INFO - Processing file /opt/airflow/dags/main.py for tasks to queue
[2023-07-07T16:09:15.772+0000] {logging_mixin.py:149} INFO - [2023-07-07T16:09:15.772+0000] {dagbag.py:541} INFO - Filling up the DagBag from /opt/airflow/dags/main.py
[2023-07-07T16:09:15.922+0000] {processor.py:836} INFO - DAG(s) dict_keys(['stock_etf_data_pipeline']) retrieved from /opt/airflow/dags/main.py
[2023-07-07T16:09:15.998+0000] {logging_mixin.py:149} INFO - [2023-07-07T16:09:15.998+0000] {dag.py:2726} INFO - Sync 1 DAGs
[2023-07-07T16:09:16.064+0000] {logging_mixin.py:149} INFO - [2023-07-07T16:09:16.064+0000] {dag.py:3490} INFO - Setting next_dagrun for stock_etf_data_pipeline to None, run_after=None
[2023-07-07T16:09:16.116+0000] {processor.py:179} INFO - Processing /opt/airflow/dags/main.py took 0.368 seconds
[2023-07-07T16:09:46.505+0000] {processor.py:157} INFO - Started process (PID=1113) to work on /opt/airflow/dags/main.py
[2023-07-07T16:09:46.508+0000] {processor.py:826} INFO - Processing file /opt/airflow/dags/main.py for tasks to queue
[2023-07-07T16:09:46.512+0000] {logging_mixin.py:149} INFO - [2023-07-07T16:09:46.511+0000] {dagbag.py:541} INFO - Filling up the DagBag from /opt/airflow/dags/main.py
[2023-07-07T16:09:46.620+0000] {processor.py:836} INFO - DAG(s) dict_keys(['stock_etf_data_pipeline']) retrieved from /opt/airflow/dags/main.py
[2023-07-07T16:09:46.698+0000] {logging_mixin.py:149} INFO - [2023-07-07T16:09:46.698+0000] {dag.py:2726} INFO - Sync 1 DAGs
[2023-07-07T16:09:46.756+0000] {logging_mixin.py:149} INFO - [2023-07-07T16:09:46.755+0000] {dag.py:3490} INFO - Setting next_dagrun for stock_etf_data_pipeline to None, run_after=None
[2023-07-07T16:09:46.810+0000] {processor.py:179} INFO - Processing /opt/airflow/dags/main.py took 0.316 seconds
[2023-07-07T16:10:17.013+0000] {processor.py:157} INFO - Started process (PID=1127) to work on /opt/airflow/dags/main.py
[2023-07-07T16:10:17.015+0000] {processor.py:826} INFO - Processing file /opt/airflow/dags/main.py for tasks to queue
[2023-07-07T16:10:17.017+0000] {logging_mixin.py:149} INFO - [2023-07-07T16:10:17.017+0000] {dagbag.py:541} INFO - Filling up the DagBag from /opt/airflow/dags/main.py
[2023-07-07T16:10:17.089+0000] {processor.py:836} INFO - DAG(s) dict_keys(['stock_etf_data_pipeline']) retrieved from /opt/airflow/dags/main.py
[2023-07-07T16:10:17.132+0000] {logging_mixin.py:149} INFO - [2023-07-07T16:10:17.132+0000] {dag.py:2726} INFO - Sync 1 DAGs
[2023-07-07T16:10:17.173+0000] {logging_mixin.py:149} INFO - [2023-07-07T16:10:17.173+0000] {dag.py:3490} INFO - Setting next_dagrun for stock_etf_data_pipeline to None, run_after=None
[2023-07-07T16:10:17.203+0000] {processor.py:179} INFO - Processing /opt/airflow/dags/main.py took 0.196 seconds
[2023-07-07T16:10:50.273+0000] {processor.py:157} INFO - Started process (PID=1141) to work on /opt/airflow/dags/main.py
[2023-07-07T16:10:50.280+0000] {processor.py:826} INFO - Processing file /opt/airflow/dags/main.py for tasks to queue
[2023-07-07T16:10:50.284+0000] {logging_mixin.py:149} INFO - [2023-07-07T16:10:50.283+0000] {dagbag.py:541} INFO - Filling up the DagBag from /opt/airflow/dags/main.py
[2023-07-07T16:10:50.732+0000] {processor.py:836} INFO - DAG(s) dict_keys(['stock_etf_data_pipeline']) retrieved from /opt/airflow/dags/main.py
[2023-07-07T16:10:50.892+0000] {logging_mixin.py:149} INFO - [2023-07-07T16:10:50.892+0000] {dag.py:2726} INFO - Sync 1 DAGs
[2023-07-07T16:10:50.958+0000] {logging_mixin.py:149} INFO - [2023-07-07T16:10:50.958+0000] {dag.py:3490} INFO - Setting next_dagrun for stock_etf_data_pipeline to None, run_after=None
[2023-07-07T16:10:51.008+0000] {processor.py:179} INFO - Processing /opt/airflow/dags/main.py took 0.802 seconds
[2023-07-07T16:11:21.286+0000] {processor.py:157} INFO - Started process (PID=1155) to work on /opt/airflow/dags/main.py
[2023-07-07T16:11:21.290+0000] {processor.py:826} INFO - Processing file /opt/airflow/dags/main.py for tasks to queue
[2023-07-07T16:11:21.295+0000] {logging_mixin.py:149} INFO - [2023-07-07T16:11:21.295+0000] {dagbag.py:541} INFO - Filling up the DagBag from /opt/airflow/dags/main.py
[2023-07-07T16:11:21.469+0000] {processor.py:836} INFO - DAG(s) dict_keys(['stock_etf_data_pipeline']) retrieved from /opt/airflow/dags/main.py
[2023-07-07T16:11:21.523+0000] {logging_mixin.py:149} INFO - [2023-07-07T16:11:21.523+0000] {dag.py:2726} INFO - Sync 1 DAGs
[2023-07-07T16:11:21.563+0000] {logging_mixin.py:149} INFO - [2023-07-07T16:11:21.563+0000] {dag.py:3490} INFO - Setting next_dagrun for stock_etf_data_pipeline to None, run_after=None
[2023-07-07T16:11:21.616+0000] {processor.py:179} INFO - Processing /opt/airflow/dags/main.py took 0.338 seconds
[2023-07-07T16:11:51.830+0000] {processor.py:157} INFO - Started process (PID=1169) to work on /opt/airflow/dags/main.py
[2023-07-07T16:11:51.834+0000] {processor.py:826} INFO - Processing file /opt/airflow/dags/main.py for tasks to queue
[2023-07-07T16:11:51.835+0000] {logging_mixin.py:149} INFO - [2023-07-07T16:11:51.835+0000] {dagbag.py:541} INFO - Filling up the DagBag from /opt/airflow/dags/main.py
[2023-07-07T16:11:51.910+0000] {processor.py:836} INFO - DAG(s) dict_keys(['stock_etf_data_pipeline']) retrieved from /opt/airflow/dags/main.py
[2023-07-07T16:11:51.959+0000] {logging_mixin.py:149} INFO - [2023-07-07T16:11:51.959+0000] {dag.py:2726} INFO - Sync 1 DAGs
[2023-07-07T16:11:51.999+0000] {logging_mixin.py:149} INFO - [2023-07-07T16:11:51.999+0000] {dag.py:3490} INFO - Setting next_dagrun for stock_etf_data_pipeline to None, run_after=None
[2023-07-07T16:11:52.031+0000] {processor.py:179} INFO - Processing /opt/airflow/dags/main.py took 0.207 seconds
