[2023-07-07T15:39:28.615+0000] {taskinstance.py:1103} INFO - Dependencies all met for dep_context=non-requeueable deps ti=<TaskInstance: stock_etf_data_pipeline.etfs_raw_data_processing manual__2023-07-07T15:34:32.896666+00:00 [queued]>
[2023-07-07T15:39:28.633+0000] {taskinstance.py:1103} INFO - Dependencies all met for dep_context=requeueable deps ti=<TaskInstance: stock_etf_data_pipeline.etfs_raw_data_processing manual__2023-07-07T15:34:32.896666+00:00 [queued]>
[2023-07-07T15:39:28.634+0000] {taskinstance.py:1308} INFO - Starting attempt 1 of 1
[2023-07-07T15:39:28.657+0000] {taskinstance.py:1327} INFO - Executing <Task(PythonOperator): etfs_raw_data_processing> on 2023-07-07 15:34:32.896666+00:00
[2023-07-07T15:39:28.666+0000] {standard_task_runner.py:57} INFO - Started process 288 to run task
[2023-07-07T15:39:28.673+0000] {standard_task_runner.py:84} INFO - Running: ['***', 'tasks', 'run', 'stock_etf_data_pipeline', 'etfs_raw_data_processing', 'manual__2023-07-07T15:34:32.896666+00:00', '--job-id', '5', '--raw', '--subdir', 'DAGS_FOLDER/main.py', '--cfg-path', '/tmp/tmpop7ko1ox']
[2023-07-07T15:39:28.674+0000] {standard_task_runner.py:85} INFO - Job 5: Subtask etfs_raw_data_processing
[2023-07-07T15:39:28.777+0000] {task_command.py:410} INFO - Running <TaskInstance: stock_etf_data_pipeline.etfs_raw_data_processing manual__2023-07-07T15:34:32.896666+00:00 [running]> on host 52e00c352958
[2023-07-07T15:39:28.987+0000] {taskinstance.py:1547} INFO - Exporting env vars: AIRFLOW_CTX_DAG_OWNER='stock_market' AIRFLOW_CTX_DAG_ID='stock_etf_data_pipeline' AIRFLOW_CTX_TASK_ID='etfs_raw_data_processing' AIRFLOW_CTX_EXECUTION_DATE='2023-07-07T15:34:32.896666+00:00' AIRFLOW_CTX_TRY_NUMBER='1' AIRFLOW_CTX_DAG_RUN_ID='manual__2023-07-07T15:34:32.896666+00:00'
[2023-07-07T15:40:04.066+0000] {logging_mixin.py:149} INFO - /opt/***/data/processed/etfs.parquet schema: ┌───────────────┬─────────────┬─────────┬─────────┬─────────┬─────────┐
│  column_name  │ column_type │  null   │   key   │ default │  extra  │
│    varchar    │   varchar   │ varchar │ varchar │ varchar │ varchar │
├───────────────┼─────────────┼─────────┼─────────┼─────────┼─────────┤
│ Symbol        │ VARCHAR     │ YES     │ NULL    │ NULL    │ NULL    │
│ Security Name │ VARCHAR     │ YES     │ NULL    │ NULL    │ NULL    │
│ Date          │ VARCHAR     │ YES     │ NULL    │ NULL    │ NULL    │
│ Open          │ DOUBLE      │ YES     │ NULL    │ NULL    │ NULL    │
│ High          │ DOUBLE      │ YES     │ NULL    │ NULL    │ NULL    │
│ Low           │ DOUBLE      │ YES     │ NULL    │ NULL    │ NULL    │
│ Close         │ DOUBLE      │ YES     │ NULL    │ NULL    │ NULL    │
│ Adj Close     │ DOUBLE      │ YES     │ NULL    │ NULL    │ NULL    │
│ Volume        │ BIGINT      │ YES     │ NULL    │ NULL    │ NULL    │
└───────────────┴─────────────┴─────────┴─────────┴─────────┴─────────┘
[2023-07-07T15:40:04.340+0000] {python.py:183} INFO - Done. Returned value was: /opt/***/data/processed
[2023-07-07T15:40:04.532+0000] {taskinstance.py:1350} INFO - Marking task as SUCCESS. dag_id=stock_etf_data_pipeline, task_id=etfs_raw_data_processing, execution_date=20230707T153432, start_date=20230707T153928, end_date=20230707T154004
[2023-07-07T15:40:05.031+0000] {local_task_job_runner.py:225} INFO - Task exited with return code 0
