[2023-07-07T15:28:29.851+0000] {manager.py:487} INFO - Processing files using up to 2 processes at a time 
[2023-07-07T15:28:29.853+0000] {manager.py:488} INFO - Process each file at most once every 30 seconds
[2023-07-07T15:28:29.856+0000] {manager.py:490} INFO - Checking for new files in /opt/airflow/dags every 300 seconds
[2023-07-07T15:28:29.858+0000] {manager.py:758} INFO - Searching for files in /opt/airflow/dags
[2023-07-07T15:28:29.913+0000] {manager.py:761} INFO - There are 1 files in /opt/airflow/dags
[2023-07-07T15:28:30.078+0000] {manager.py:889} INFO - 
================================================================================
DAG File Processing Stats

File Path                    PID  Runtime      # DAGs    # Errors  Last Runtime    Last Run
-------------------------  -----  ---------  --------  ----------  --------------  ----------
/opt/airflow/dags/main.py     32  0.09s             0           0
================================================================================
[2023-07-07T15:29:00.224+0000] {manager.py:889} INFO - 
================================================================================
DAG File Processing Stats

File Path                  PID    Runtime      # DAGs    # Errors  Last Runtime    Last Run
-------------------------  -----  ---------  --------  ----------  --------------  -------------------
/opt/airflow/dags/main.py                           1           0  0.86s           2023-07-07T15:28:30
================================================================================
[2023-07-07T15:29:30.408+0000] {manager.py:889} INFO - 
================================================================================
DAG File Processing Stats

File Path                  PID    Runtime      # DAGs    # Errors  Last Runtime    Last Run
-------------------------  -----  ---------  --------  ----------  --------------  -------------------
/opt/airflow/dags/main.py                           1           0  0.41s           2023-07-07T15:29:01
================================================================================
[2023-07-07T15:30:00.719+0000] {manager.py:889} INFO - 
================================================================================
DAG File Processing Stats

File Path                  PID    Runtime      # DAGs    # Errors  Last Runtime    Last Run
-------------------------  -----  ---------  --------  ----------  --------------  -------------------
/opt/airflow/dags/main.py                           1           0  0.45s           2023-07-07T15:29:31
================================================================================
[2023-07-07T15:30:30.905+0000] {manager.py:889} INFO - 
================================================================================
DAG File Processing Stats

File Path                  PID    Runtime      # DAGs    # Errors  Last Runtime    Last Run
-------------------------  -----  ---------  --------  ----------  --------------  -------------------
/opt/airflow/dags/main.py                           1           0  0.50s           2023-07-07T15:30:02
================================================================================
[2023-07-07T15:31:01.592+0000] {manager.py:889} INFO - 
================================================================================
DAG File Processing Stats

File Path                  PID    Runtime      # DAGs    # Errors  Last Runtime    Last Run
-------------------------  -----  ---------  --------  ----------  --------------  -------------------
/opt/airflow/dags/main.py                           1           0  0.53s           2023-07-07T15:30:33
================================================================================
[2023-07-07T15:31:31.818+0000] {manager.py:889} INFO - 
================================================================================
DAG File Processing Stats

File Path                  PID    Runtime      # DAGs    # Errors  Last Runtime    Last Run
-------------------------  -----  ---------  --------  ----------  --------------  -------------------
/opt/airflow/dags/main.py                           1           0  0.39s           2023-07-07T15:31:04
================================================================================
[2023-07-07T15:32:01.887+0000] {manager.py:889} INFO - 
================================================================================
DAG File Processing Stats

File Path                  PID    Runtime      # DAGs    # Errors  Last Runtime    Last Run
-------------------------  -----  ---------  --------  ----------  --------------  -------------------
/opt/airflow/dags/main.py                           1           0  0.45s           2023-07-07T15:31:34
================================================================================
[2023-07-07T15:32:31.974+0000] {manager.py:889} INFO - 
================================================================================
DAG File Processing Stats

File Path                  PID    Runtime      # DAGs    # Errors  Last Runtime    Last Run
-------------------------  -----  ---------  --------  ----------  --------------  -------------------
/opt/airflow/dags/main.py                           1           0  1.88s           2023-07-07T15:32:06
================================================================================
[2023-07-07T15:33:02.326+0000] {manager.py:889} INFO - 
================================================================================
DAG File Processing Stats

File Path                  PID    Runtime      # DAGs    # Errors  Last Runtime    Last Run
-------------------------  -----  ---------  --------  ----------  --------------  -------------------
/opt/airflow/dags/main.py                           1           0  0.24s           2023-07-07T15:32:37
================================================================================
[2023-07-07T15:33:30.515+0000] {manager.py:758} INFO - Searching for files in /opt/airflow/dags
[2023-07-07T15:33:30.554+0000] {manager.py:761} INFO - There are 1 files in /opt/airflow/dags
[2023-07-07T15:33:32.588+0000] {manager.py:889} INFO - 
================================================================================
DAG File Processing Stats

File Path                  PID    Runtime      # DAGs    # Errors  Last Runtime    Last Run
-------------------------  -----  ---------  --------  ----------  --------------  -------------------
/opt/airflow/dags/main.py                           1           0  0.26s           2023-07-07T15:33:07
================================================================================
[2023-07-07T15:34:02.968+0000] {manager.py:889} INFO - 
================================================================================
DAG File Processing Stats

File Path                  PID    Runtime      # DAGs    # Errors  Last Runtime    Last Run
-------------------------  -----  ---------  --------  ----------  --------------  -------------------
/opt/airflow/dags/main.py                           1           0  0.23s           2023-07-07T15:33:38
================================================================================
[2023-07-07T15:34:33.482+0000] {manager.py:889} INFO - 
================================================================================
DAG File Processing Stats

File Path                  PID    Runtime      # DAGs    # Errors  Last Runtime    Last Run
-------------------------  -----  ---------  --------  ----------  --------------  -------------------
/opt/airflow/dags/main.py                           1           0  1.10s           2023-07-07T15:34:09
================================================================================
[2023-07-07T15:35:03.574+0000] {manager.py:889} INFO - 
================================================================================
DAG File Processing Stats

File Path                  PID    Runtime      # DAGs    # Errors  Last Runtime    Last Run
-------------------------  -----  ---------  --------  ----------  --------------  -------------------
/opt/airflow/dags/main.py                           1           0  0.81s           2023-07-07T15:34:40
================================================================================
[2023-07-07T15:35:33.973+0000] {manager.py:889} INFO - 
================================================================================
DAG File Processing Stats

File Path                  PID    Runtime      # DAGs    # Errors  Last Runtime    Last Run
-------------------------  -----  ---------  --------  ----------  --------------  -------------------
/opt/airflow/dags/main.py                           1           0  0.37s           2023-07-07T15:35:10
================================================================================
[2023-07-07T15:36:04.234+0000] {manager.py:889} INFO - 
================================================================================
DAG File Processing Stats

File Path                  PID    Runtime      # DAGs    # Errors  Last Runtime    Last Run
-------------------------  -----  ---------  --------  ----------  --------------  -------------------
/opt/airflow/dags/main.py                           1           0  0.33s           2023-07-07T15:35:41
================================================================================
[2023-07-07T15:36:34.405+0000] {manager.py:889} INFO - 
================================================================================
DAG File Processing Stats

File Path                  PID    Runtime      # DAGs    # Errors  Last Runtime    Last Run
-------------------------  -----  ---------  --------  ----------  --------------  -------------------
/opt/airflow/dags/main.py                           1           0  1.00s           2023-07-07T15:36:13
================================================================================
[2023-07-07T15:37:04.609+0000] {manager.py:889} INFO - 
================================================================================
DAG File Processing Stats

File Path                  PID    Runtime      # DAGs    # Errors  Last Runtime    Last Run
-------------------------  -----  ---------  --------  ----------  --------------  -------------------
/opt/airflow/dags/main.py                           1           0  0.56s           2023-07-07T15:36:44
================================================================================
[2023-07-07T15:37:34.773+0000] {manager.py:889} INFO - 
================================================================================
DAG File Processing Stats

File Path                  PID    Runtime      # DAGs    # Errors  Last Runtime    Last Run
-------------------------  -----  ---------  --------  ----------  --------------  -------------------
/opt/airflow/dags/main.py                           1           0  0.61s           2023-07-07T15:37:14
================================================================================
[2023-07-07T15:38:05.013+0000] {manager.py:889} INFO - 
================================================================================
DAG File Processing Stats

File Path                  PID    Runtime      # DAGs    # Errors  Last Runtime    Last Run
-------------------------  -----  ---------  --------  ----------  --------------  -------------------
/opt/airflow/dags/main.py                           1           0  1.83s           2023-07-07T15:37:46
================================================================================
[2023-07-07T15:38:30.721+0000] {manager.py:758} INFO - Searching for files in /opt/airflow/dags
[2023-07-07T15:38:30.756+0000] {manager.py:761} INFO - There are 1 files in /opt/airflow/dags
[2023-07-07T15:38:35.307+0000] {manager.py:889} INFO - 
================================================================================
DAG File Processing Stats

File Path                  PID    Runtime      # DAGs    # Errors  Last Runtime    Last Run
-------------------------  -----  ---------  --------  ----------  --------------  -------------------
/opt/airflow/dags/main.py                           1           0  0.52s           2023-07-07T15:38:17
================================================================================
[2023-07-07T15:39:05.541+0000] {manager.py:889} INFO - 
================================================================================
DAG File Processing Stats

File Path                  PID    Runtime      # DAGs    # Errors  Last Runtime    Last Run
-------------------------  -----  ---------  --------  ----------  --------------  -------------------
/opt/airflow/dags/main.py                           1           0  0.90s           2023-07-07T15:38:48
================================================================================
[2023-07-07T15:39:35.796+0000] {manager.py:889} INFO - 
================================================================================
DAG File Processing Stats

File Path                  PID    Runtime      # DAGs    # Errors  Last Runtime    Last Run
-------------------------  -----  ---------  --------  ----------  --------------  -------------------
/opt/airflow/dags/main.py                           1           0  0.82s           2023-07-07T15:39:19
================================================================================
[2023-07-07T15:40:06.106+0000] {manager.py:889} INFO - 
================================================================================
DAG File Processing Stats

File Path                  PID    Runtime      # DAGs    # Errors  Last Runtime    Last Run
-------------------------  -----  ---------  --------  ----------  --------------  -------------------
/opt/airflow/dags/main.py                           1           0  1.01s           2023-07-07T15:39:51
================================================================================
[2023-07-07T15:40:36.666+0000] {manager.py:889} INFO - 
================================================================================
DAG File Processing Stats

File Path                  PID    Runtime      # DAGs    # Errors  Last Runtime    Last Run
-------------------------  -----  ---------  --------  ----------  --------------  -------------------
/opt/airflow/dags/main.py                           1           0  0.67s           2023-07-07T15:40:22
================================================================================
[2023-07-07T15:41:07.018+0000] {manager.py:889} INFO - 
================================================================================
DAG File Processing Stats

File Path                  PID    Runtime      # DAGs    # Errors  Last Runtime    Last Run
-------------------------  -----  ---------  --------  ----------  --------------  -------------------
/opt/airflow/dags/main.py                           1           0  0.66s           2023-07-07T15:40:52
================================================================================
[2023-07-07T15:41:37.813+0000] {manager.py:889} INFO - 
================================================================================
DAG File Processing Stats

File Path                  PID    Runtime      # DAGs    # Errors  Last Runtime    Last Run
-------------------------  -----  ---------  --------  ----------  --------------  -------------------
/opt/airflow/dags/main.py                           1           0  0.55s           2023-07-07T15:41:23
================================================================================
[2023-07-07T15:42:08.231+0000] {manager.py:889} INFO - 
================================================================================
DAG File Processing Stats

File Path                  PID    Runtime      # DAGs    # Errors  Last Runtime    Last Run
-------------------------  -----  ---------  --------  ----------  --------------  -------------------
/opt/airflow/dags/main.py                           1           0  0.55s           2023-07-07T15:41:54
================================================================================
[2023-07-07T15:42:38.079+0000] {manager.py:889} INFO - 
================================================================================
DAG File Processing Stats

File Path                  PID    Runtime      # DAGs    # Errors  Last Runtime    Last Run
-------------------------  -----  ---------  --------  ----------  --------------  -------------------
/opt/airflow/dags/main.py                           1           0  3.02s           2023-07-07T15:42:28
================================================================================
[2023-07-07T15:43:08.150+0000] {manager.py:889} INFO - 
================================================================================
DAG File Processing Stats

File Path                  PID    Runtime      # DAGs    # Errors  Last Runtime    Last Run
-------------------------  -----  ---------  --------  ----------  --------------  -------------------
/opt/airflow/dags/main.py                           1           0  2.87s           2023-07-07T15:43:01
================================================================================
[2023-07-07T15:43:30.867+0000] {manager.py:758} INFO - Searching for files in /opt/airflow/dags
[2023-07-07T15:43:31.611+0000] {manager.py:761} INFO - There are 1 files in /opt/airflow/dags
[2023-07-07T15:43:38.451+0000] {manager.py:889} INFO - 
================================================================================
DAG File Processing Stats

File Path                  PID    Runtime      # DAGs    # Errors  Last Runtime    Last Run
-------------------------  -----  ---------  --------  ----------  --------------  -------------------
/opt/airflow/dags/main.py                           1           0  4.03s           2023-07-07T15:43:37
================================================================================
[2023-07-07T15:44:08.810+0000] {manager.py:889} INFO - 
================================================================================
DAG File Processing Stats

File Path                    PID  Runtime      # DAGs    # Errors  Last Runtime    Last Run
-------------------------  -----  ---------  --------  ----------  --------------  -------------------
/opt/airflow/dags/main.py    463  0.69s             1           0  4.03s           2023-07-07T15:43:37
================================================================================
[2023-07-07T15:44:38.966+0000] {manager.py:889} INFO - 
================================================================================
DAG File Processing Stats

File Path                  PID    Runtime      # DAGs    # Errors  Last Runtime    Last Run
-------------------------  -----  ---------  --------  ----------  --------------  -------------------
/opt/airflow/dags/main.py                           1           0  6.57s           2023-07-07T15:44:14
================================================================================
[2023-07-07T15:45:09.736+0000] {manager.py:889} INFO - 
================================================================================
DAG File Processing Stats

File Path                  PID    Runtime      # DAGs    # Errors  Last Runtime    Last Run
-------------------------  -----  ---------  --------  ----------  --------------  -------------------
/opt/airflow/dags/main.py                           1           0  4.89s           2023-07-07T15:44:49
================================================================================
[2023-07-07T15:45:40.077+0000] {manager.py:889} INFO - 
================================================================================
DAG File Processing Stats

File Path                  PID    Runtime      # DAGs    # Errors  Last Runtime    Last Run
-------------------------  -----  ---------  --------  ----------  --------------  -------------------
/opt/airflow/dags/main.py                           1           0  8.33s           2023-07-07T15:45:28
================================================================================
[2023-07-07T15:46:10.163+0000] {manager.py:889} INFO - 
================================================================================
DAG File Processing Stats

File Path                  PID    Runtime      # DAGs    # Errors  Last Runtime    Last Run
-------------------------  -----  ---------  --------  ----------  --------------  -------------------
/opt/airflow/dags/main.py                           1           0  6.74s           2023-07-07T15:46:05
================================================================================
[2023-07-07T15:46:47.979+0000] {manager.py:889} INFO - 
================================================================================
DAG File Processing Stats

File Path                    PID  Runtime      # DAGs    # Errors  Last Runtime    Last Run
-------------------------  -----  ---------  --------  ----------  --------------  -------------------
/opt/airflow/dags/main.py    519  11.09s            1           0  6.74s           2023-07-07T15:46:05
================================================================================
[2023-07-07T15:48:00.470+0000] {manager.py:889} INFO - 
================================================================================
DAG File Processing Stats

File Path                    PID  Runtime      # DAGs    # Errors  Last Runtime    Last Run
-------------------------  -----  ---------  --------  ----------  --------------  -------------------
/opt/airflow/dags/main.py    532  0.13s             1           0  35.28s          2023-07-07T15:47:12
================================================================================
[2023-07-07T15:48:31.068+0000] {manager.py:758} INFO - Searching for files in /opt/airflow/dags
[2023-07-07T15:48:31.136+0000] {manager.py:761} INFO - There are 1 files in /opt/airflow/dags
[2023-07-07T15:48:31.181+0000] {manager.py:889} INFO - 
================================================================================
DAG File Processing Stats

File Path                  PID    Runtime      # DAGs    # Errors  Last Runtime    Last Run
-------------------------  -----  ---------  --------  ----------  --------------  -------------------
/opt/airflow/dags/main.py                           1           0  6.46s           2023-07-07T15:48:06
================================================================================
[2023-07-07T15:49:02.030+0000] {manager.py:889} INFO - 
================================================================================
DAG File Processing Stats

File Path                  PID    Runtime      # DAGs    # Errors  Last Runtime    Last Run
-------------------------  -----  ---------  --------  ----------  --------------  -------------------
/opt/airflow/dags/main.py                           1           0  0.91s           2023-07-07T15:48:38
================================================================================
[2023-07-07T15:49:32.313+0000] {manager.py:889} INFO - 
================================================================================
DAG File Processing Stats

File Path                  PID    Runtime      # DAGs    # Errors  Last Runtime    Last Run
-------------------------  -----  ---------  --------  ----------  --------------  -------------------
/opt/airflow/dags/main.py                           1           0  0.62s           2023-07-07T15:49:09
================================================================================
[2023-07-07T15:50:03.014+0000] {manager.py:889} INFO - 
================================================================================
DAG File Processing Stats

File Path                  PID    Runtime      # DAGs    # Errors  Last Runtime    Last Run
-------------------------  -----  ---------  --------  ----------  --------------  -------------------
/opt/airflow/dags/main.py                           1           0  1.04s           2023-07-07T15:49:40
================================================================================
[2023-07-07T15:50:33.305+0000] {manager.py:889} INFO - 
================================================================================
DAG File Processing Stats

File Path                  PID    Runtime      # DAGs    # Errors  Last Runtime    Last Run
-------------------------  -----  ---------  --------  ----------  --------------  -------------------
/opt/airflow/dags/main.py                           1           0  0.44s           2023-07-07T15:50:11
================================================================================
[2023-07-07T15:51:03.770+0000] {manager.py:889} INFO - 
================================================================================
DAG File Processing Stats

File Path                  PID    Runtime      # DAGs    # Errors  Last Runtime    Last Run
-------------------------  -----  ---------  --------  ----------  --------------  -------------------
/opt/airflow/dags/main.py                           1           0  0.44s           2023-07-07T15:50:42
================================================================================
[2023-07-07T15:51:34.356+0000] {manager.py:889} INFO - 
================================================================================
DAG File Processing Stats

File Path                  PID    Runtime      # DAGs    # Errors  Last Runtime    Last Run
-------------------------  -----  ---------  --------  ----------  --------------  -------------------
/opt/airflow/dags/main.py                           1           0  2.03s           2023-07-07T15:51:15
================================================================================
[2023-07-07T15:52:04.827+0000] {manager.py:889} INFO - 
================================================================================
DAG File Processing Stats

File Path                  PID    Runtime      # DAGs    # Errors  Last Runtime    Last Run
-------------------------  -----  ---------  --------  ----------  --------------  -------------------
/opt/airflow/dags/main.py                           1           0  4.94s           2023-07-07T15:51:50
================================================================================
[2023-07-07T15:52:35.121+0000] {manager.py:889} INFO - 
================================================================================
DAG File Processing Stats

File Path                  PID    Runtime      # DAGs    # Errors  Last Runtime    Last Run
-------------------------  -----  ---------  --------  ----------  --------------  -------------------
/opt/airflow/dags/main.py                           1           0  0.86s           2023-07-07T15:52:21
================================================================================
[2023-07-07T15:53:05.570+0000] {manager.py:889} INFO - 
================================================================================
DAG File Processing Stats

File Path                  PID    Runtime      # DAGs    # Errors  Last Runtime    Last Run
-------------------------  -----  ---------  --------  ----------  --------------  -------------------
/opt/airflow/dags/main.py                           1           0  2.06s           2023-07-07T15:52:54
================================================================================
[2023-07-07T15:53:31.458+0000] {manager.py:758} INFO - Searching for files in /opt/airflow/dags
[2023-07-07T15:53:31.514+0000] {manager.py:761} INFO - There are 1 files in /opt/airflow/dags
[2023-07-07T15:53:35.622+0000] {manager.py:889} INFO - 
================================================================================
DAG File Processing Stats

File Path                  PID    Runtime      # DAGs    # Errors  Last Runtime    Last Run
-------------------------  -----  ---------  --------  ----------  --------------  -------------------
/opt/airflow/dags/main.py                           1           0  1.30s           2023-07-07T15:53:26
================================================================================
[2023-07-07T15:54:06.261+0000] {manager.py:889} INFO - 
================================================================================
DAG File Processing Stats

File Path                  PID    Runtime      # DAGs    # Errors  Last Runtime    Last Run
-------------------------  -----  ---------  --------  ----------  --------------  -------------------
/opt/airflow/dags/main.py                           1           0  1.42s           2023-07-07T15:53:59
================================================================================
[2023-07-07T15:54:36.881+0000] {manager.py:889} INFO - 
================================================================================
DAG File Processing Stats

File Path                  PID    Runtime      # DAGs    # Errors  Last Runtime    Last Run
-------------------------  -----  ---------  --------  ----------  --------------  -------------------
/opt/airflow/dags/main.py                           1           0  1.16s           2023-07-07T15:54:31
================================================================================
[2023-07-07T15:55:07.417+0000] {manager.py:889} INFO - 
================================================================================
DAG File Processing Stats

File Path                  PID    Runtime      # DAGs    # Errors  Last Runtime    Last Run
-------------------------  -----  ---------  --------  ----------  --------------  -------------------
/opt/airflow/dags/main.py                           1           0  2.78s           2023-07-07T15:55:04
================================================================================
[2023-07-07T15:55:37.766+0000] {manager.py:889} INFO - 
================================================================================
DAG File Processing Stats

File Path                    PID  Runtime      # DAGs    # Errors  Last Runtime    Last Run
-------------------------  -----  ---------  --------  ----------  --------------  -------------------
/opt/airflow/dags/main.py    737  2.18s             1           0  2.78s           2023-07-07T15:55:04
================================================================================
[2023-07-07T15:56:09.279+0000] {manager.py:889} INFO - 
================================================================================
DAG File Processing Stats

File Path                    PID  Runtime      # DAGs    # Errors  Last Runtime    Last Run
-------------------------  -----  ---------  --------  ----------  --------------  -------------------
/opt/airflow/dags/main.py    751  0.26s             1           0  2.80s           2023-07-07T15:55:38
================================================================================
[2023-07-07T15:56:39.488+0000] {manager.py:889} INFO - 
================================================================================
DAG File Processing Stats

File Path                  PID    Runtime      # DAGs    # Errors  Last Runtime    Last Run
-------------------------  -----  ---------  --------  ----------  --------------  -------------------
/opt/airflow/dags/main.py                           1           0  2.77s           2023-07-07T15:56:11
================================================================================
[2023-07-07T15:57:10.227+0000] {manager.py:889} INFO - 
================================================================================
DAG File Processing Stats

File Path                  PID    Runtime      # DAGs    # Errors  Last Runtime    Last Run
-------------------------  -----  ---------  --------  ----------  --------------  -------------------
/opt/airflow/dags/main.py                           1           0  5.21s           2023-07-07T15:56:48
================================================================================
[2023-07-07T15:57:40.579+0000] {manager.py:889} INFO - 
================================================================================
DAG File Processing Stats

File Path                  PID    Runtime      # DAGs    # Errors  Last Runtime    Last Run
-------------------------  -----  ---------  --------  ----------  --------------  -------------------
/opt/airflow/dags/main.py                           1           0  0.76s           2023-07-07T15:57:20
================================================================================
[2023-07-07T15:58:11.212+0000] {manager.py:889} INFO - 
================================================================================
DAG File Processing Stats

File Path                  PID    Runtime      # DAGs    # Errors  Last Runtime    Last Run
-------------------------  -----  ---------  --------  ----------  --------------  -------------------
/opt/airflow/dags/main.py                           1           0  0.79s           2023-07-07T15:57:51
================================================================================
[2023-07-07T15:58:31.735+0000] {manager.py:758} INFO - Searching for files in /opt/airflow/dags
[2023-07-07T15:58:31.860+0000] {manager.py:761} INFO - There are 1 files in /opt/airflow/dags
[2023-07-07T15:58:41.989+0000] {manager.py:889} INFO - 
================================================================================
DAG File Processing Stats

File Path                  PID    Runtime      # DAGs    # Errors  Last Runtime    Last Run
-------------------------  -----  ---------  --------  ----------  --------------  -------------------
/opt/airflow/dags/main.py                           1           0  0.57s           2023-07-07T15:58:23
================================================================================
[2023-07-07T15:59:12.418+0000] {manager.py:889} INFO - 
================================================================================
DAG File Processing Stats

File Path                  PID    Runtime      # DAGs    # Errors  Last Runtime    Last Run
-------------------------  -----  ---------  --------  ----------  --------------  -------------------
/opt/airflow/dags/main.py                           1           0  0.92s           2023-07-07T15:58:53
================================================================================
[2023-07-07T15:59:42.920+0000] {manager.py:889} INFO - 
================================================================================
DAG File Processing Stats

File Path                  PID    Runtime      # DAGs    # Errors  Last Runtime    Last Run
-------------------------  -----  ---------  --------  ----------  --------------  -------------------
/opt/airflow/dags/main.py                           1           0  0.80s           2023-07-07T15:59:25
================================================================================
[2023-07-07T16:00:13.233+0000] {manager.py:889} INFO - 
================================================================================
DAG File Processing Stats

File Path                  PID    Runtime      # DAGs    # Errors  Last Runtime    Last Run
-------------------------  -----  ---------  --------  ----------  --------------  -------------------
/opt/airflow/dags/main.py                           1           0  1.05s           2023-07-07T15:59:57
================================================================================
[2023-07-07T16:00:44.145+0000] {manager.py:889} INFO - 
================================================================================
DAG File Processing Stats

File Path                  PID    Runtime      # DAGs    # Errors  Last Runtime    Last Run
-------------------------  -----  ---------  --------  ----------  --------------  -------------------
/opt/airflow/dags/main.py                           1           0  0.50s           2023-07-07T16:00:27
================================================================================
[2023-07-07T16:01:14.424+0000] {manager.py:889} INFO - 
================================================================================
DAG File Processing Stats

File Path                  PID    Runtime      # DAGs    # Errors  Last Runtime    Last Run
-------------------------  -----  ---------  --------  ----------  --------------  -------------------
/opt/airflow/dags/main.py                           1           0  0.88s           2023-07-07T16:00:59
================================================================================
[2023-07-07T16:01:45.031+0000] {manager.py:889} INFO - 
================================================================================
DAG File Processing Stats

File Path                  PID    Runtime      # DAGs    # Errors  Last Runtime    Last Run
-------------------------  -----  ---------  --------  ----------  --------------  -------------------
/opt/airflow/dags/main.py                           1           0  0.43s           2023-07-07T16:01:30
================================================================================
[2023-07-07T16:02:15.858+0000] {manager.py:889} INFO - 
================================================================================
DAG File Processing Stats

File Path                  PID    Runtime      # DAGs    # Errors  Last Runtime    Last Run
-------------------------  -----  ---------  --------  ----------  --------------  -------------------
/opt/airflow/dags/main.py                           1           0  0.60s           2023-07-07T16:02:00
================================================================================
[2023-07-07T16:02:46.365+0000] {manager.py:889} INFO - 
================================================================================
DAG File Processing Stats

File Path                  PID    Runtime      # DAGs    # Errors  Last Runtime    Last Run
-------------------------  -----  ---------  --------  ----------  --------------  -------------------
/opt/airflow/dags/main.py                           1           0  0.92s           2023-07-07T16:02:32
================================================================================
[2023-07-07T16:03:17.058+0000] {manager.py:889} INFO - 
================================================================================
DAG File Processing Stats

File Path                  PID    Runtime      # DAGs    # Errors  Last Runtime    Last Run
-------------------------  -----  ---------  --------  ----------  --------------  -------------------
/opt/airflow/dags/main.py                           1           0  1.30s           2023-07-07T16:03:03
================================================================================
[2023-07-07T16:03:32.397+0000] {manager.py:758} INFO - Searching for files in /opt/airflow/dags
[2023-07-07T16:03:32.441+0000] {manager.py:761} INFO - There are 1 files in /opt/airflow/dags
[2023-07-07T16:03:47.766+0000] {manager.py:889} INFO - 
================================================================================
DAG File Processing Stats

File Path                  PID    Runtime      # DAGs    # Errors  Last Runtime    Last Run
-------------------------  -----  ---------  --------  ----------  --------------  -------------------
/opt/airflow/dags/main.py                           1           0  1.06s           2023-07-07T16:03:35
================================================================================
[2023-07-07T16:04:18.030+0000] {manager.py:889} INFO - 
================================================================================
DAG File Processing Stats

File Path                  PID    Runtime      # DAGs    # Errors  Last Runtime    Last Run
-------------------------  -----  ---------  --------  ----------  --------------  -------------------
/opt/airflow/dags/main.py                           1           0  0.88s           2023-07-07T16:04:06
================================================================================
[2023-07-07T16:04:48.644+0000] {manager.py:889} INFO - 
================================================================================
DAG File Processing Stats

File Path                  PID    Runtime      # DAGs    # Errors  Last Runtime    Last Run
-------------------------  -----  ---------  --------  ----------  --------------  -------------------
/opt/airflow/dags/main.py                           1           0  0.53s           2023-07-07T16:04:37
================================================================================
[2023-07-07T16:05:18.766+0000] {manager.py:889} INFO - 
================================================================================
DAG File Processing Stats

File Path                  PID    Runtime      # DAGs    # Errors  Last Runtime    Last Run
-------------------------  -----  ---------  --------  ----------  --------------  -------------------
/opt/airflow/dags/main.py                           1           0  0.73s           2023-07-07T16:05:08
================================================================================
[2023-07-07T16:05:48.902+0000] {manager.py:889} INFO - 
================================================================================
DAG File Processing Stats

File Path                  PID    Runtime      # DAGs    # Errors  Last Runtime    Last Run
-------------------------  -----  ---------  --------  ----------  --------------  -------------------
/opt/airflow/dags/main.py                           1           0  0.78s           2023-07-07T16:05:39
================================================================================
[2023-07-07T16:06:19.078+0000] {manager.py:889} INFO - 
================================================================================
DAG File Processing Stats

File Path                  PID    Runtime      # DAGs    # Errors  Last Runtime    Last Run
-------------------------  -----  ---------  --------  ----------  --------------  -------------------
/opt/airflow/dags/main.py                           1           0  0.68s           2023-07-07T16:06:10
================================================================================
[2023-07-07T16:06:49.396+0000] {manager.py:889} INFO - 
================================================================================
DAG File Processing Stats

File Path                  PID    Runtime      # DAGs    # Errors  Last Runtime    Last Run
-------------------------  -----  ---------  --------  ----------  --------------  -------------------
/opt/airflow/dags/main.py                           1           0  0.55s           2023-07-07T16:06:41
================================================================================
[2023-07-07T16:07:19.388+0000] {manager.py:889} INFO - 
================================================================================
DAG File Processing Stats

File Path                  PID    Runtime      # DAGs    # Errors  Last Runtime    Last Run
-------------------------  -----  ---------  --------  ----------  --------------  -------------------
/opt/airflow/dags/main.py                           1           0  0.65s           2023-07-07T16:07:12
================================================================================
[2023-07-07T16:07:49.817+0000] {manager.py:889} INFO - 
================================================================================
DAG File Processing Stats

File Path                  PID    Runtime      # DAGs    # Errors  Last Runtime    Last Run
-------------------------  -----  ---------  --------  ----------  --------------  -------------------
/opt/airflow/dags/main.py                           1           0  0.82s           2023-07-07T16:07:43
================================================================================
[2023-07-07T16:08:20.219+0000] {manager.py:889} INFO - 
================================================================================
DAG File Processing Stats

File Path                  PID    Runtime      # DAGs    # Errors  Last Runtime    Last Run
-------------------------  -----  ---------  --------  ----------  --------------  -------------------
/opt/airflow/dags/main.py                           1           0  0.47s           2023-07-07T16:08:14
================================================================================
[2023-07-07T16:08:33.340+0000] {manager.py:758} INFO - Searching for files in /opt/airflow/dags
[2023-07-07T16:08:33.506+0000] {manager.py:761} INFO - There are 1 files in /opt/airflow/dags
[2023-07-07T16:08:50.328+0000] {manager.py:889} INFO - 
================================================================================
DAG File Processing Stats

File Path                  PID    Runtime      # DAGs    # Errors  Last Runtime    Last Run
-------------------------  -----  ---------  --------  ----------  --------------  -------------------
/opt/airflow/dags/main.py                           1           0  0.65s           2023-07-07T16:08:45
================================================================================
[2023-07-07T16:09:20.796+0000] {manager.py:889} INFO - 
================================================================================
DAG File Processing Stats

File Path                  PID    Runtime      # DAGs    # Errors  Last Runtime    Last Run
-------------------------  -----  ---------  --------  ----------  --------------  -------------------
/opt/airflow/dags/main.py                           1           0  0.46s           2023-07-07T16:09:16
================================================================================
[2023-07-07T16:09:50.893+0000] {manager.py:889} INFO - 
================================================================================
DAG File Processing Stats

File Path                  PID    Runtime      # DAGs    # Errors  Last Runtime    Last Run
-------------------------  -----  ---------  --------  ----------  --------------  -------------------
/opt/airflow/dags/main.py                           1           0  0.39s           2023-07-07T16:09:46
================================================================================
[2023-07-07T16:10:21.027+0000] {manager.py:889} INFO - 
================================================================================
DAG File Processing Stats

File Path                  PID    Runtime      # DAGs    # Errors  Last Runtime    Last Run
-------------------------  -----  ---------  --------  ----------  --------------  -------------------
/opt/airflow/dags/main.py                           1           0  0.23s           2023-07-07T16:10:17
================================================================================
[2023-07-07T16:10:51.067+0000] {manager.py:889} INFO - 
================================================================================
DAG File Processing Stats

File Path                  PID    Runtime      # DAGs    # Errors  Last Runtime    Last Run
-------------------------  -----  ---------  --------  ----------  --------------  -------------------
/opt/airflow/dags/main.py                           1           0  1.11s           2023-07-07T16:10:51
================================================================================
[2023-07-07T16:11:21.270+0000] {manager.py:889} INFO - 
================================================================================
DAG File Processing Stats

File Path                    PID  Runtime      # DAGs    # Errors  Last Runtime    Last Run
-------------------------  -----  ---------  --------  ----------  --------------  -------------------
/opt/airflow/dags/main.py   1155  0.01s             1           0  1.11s           2023-07-07T16:10:51
================================================================================
[2023-07-07T16:11:51.634+0000] {manager.py:889} INFO - 
================================================================================
DAG File Processing Stats

File Path                  PID    Runtime      # DAGs    # Errors  Last Runtime    Last Run
-------------------------  -----  ---------  --------  ----------  --------------  -------------------
/opt/airflow/dags/main.py                           1           0  0.38s           2023-07-07T16:11:21
================================================================================
